TN:
SF:src\application\ApplicationConfig.ts
FN:231,validateApplicationConfig
FN:280,mergeWithDefaults
FNF:2
FNH:2
FNDA:40,validateApplicationConfig
FNDA:37,mergeWithDefaults
DA:192,2
DA:231,2
DA:232,40
DA:233,3
DA:236,37
DA:237,1
DA:241,36
DA:242,36
DA:243,0
DA:247,36
DA:248,0
DA:252,36
DA:253,0
DA:256,36
DA:257,0
DA:261,36
DA:262,0
DA:265,36
DA:266,0
DA:269,36
DA:270,0
DA:280,2
DA:281,37
LF:23
LH:16
BRDA:232,0,0,3
BRDA:232,1,0,40
BRDA:232,1,1,37
BRDA:236,2,0,1
BRDA:236,3,0,37
BRDA:236,3,1,36
BRDA:242,4,0,0
BRDA:247,5,0,0
BRDA:247,6,0,36
BRDA:247,6,1,0
BRDA:252,7,0,0
BRDA:252,8,0,36
BRDA:252,8,1,0
BRDA:256,9,0,0
BRDA:256,10,0,36
BRDA:256,10,1,0
BRDA:261,11,0,0
BRDA:261,12,0,36
BRDA:261,12,1,0
BRDA:261,12,2,0
BRDA:265,13,0,0
BRDA:265,14,0,36
BRDA:265,14,1,0
BRDA:265,14,2,0
BRDA:269,15,0,0
BRDA:269,16,0,36
BRDA:269,16,1,0
BRDA:269,16,2,0
BRF:28
BRH:12
end_of_record
TN:
SF:src\application\ApplicationStatus.ts
FN:8,(anonymous_0)
FN:81,(anonymous_1)
FN:96,(anonymous_2)
FN:112,(anonymous_3)
FN:125,(anonymous_4)
FN:138,(anonymous_5)
FN:151,(anonymous_6)
FN:161,(anonymous_7)
FN:171,(anonymous_8)
FN:186,(anonymous_9)
FN:219,(anonymous_10)
FN:263,(anonymous_11)
FN:307,(anonymous_12)
FN:316,(anonymous_13)
FN:330,(anonymous_14)
FN:339,(anonymous_15)
FN:350,(anonymous_16)
FN:352,(anonymous_17)
FN:359,(anonymous_18)
FNF:19
FNH:1
FNDA:1,(anonymous_0)
FNDA:0,(anonymous_1)
FNDA:0,(anonymous_2)
FNDA:0,(anonymous_3)
FNDA:0,(anonymous_4)
FNDA:0,(anonymous_5)
FNDA:0,(anonymous_6)
FNDA:0,(anonymous_7)
FNDA:0,(anonymous_8)
FNDA:0,(anonymous_9)
FNDA:0,(anonymous_10)
FNDA:0,(anonymous_11)
FNDA:0,(anonymous_12)
FNDA:0,(anonymous_13)
FNDA:0,(anonymous_14)
FNDA:0,(anonymous_15)
FNDA:0,(anonymous_16)
FNDA:0,(anonymous_17)
FNDA:0,(anonymous_18)
DA:8,1
DA:13,1
DA:19,1
DA:25,1
DA:31,1
DA:37,1
DA:43,1
DA:49,1
DA:55,1
DA:61,1
DA:67,1
DA:74,1
DA:82,0
DA:97,0
DA:113,0
DA:126,0
DA:139,0
DA:152,0
DA:162,0
DA:172,0
DA:187,0
DA:189,0
DA:191,0
DA:193,0
DA:195,0
DA:197,0
DA:199,0
DA:201,0
DA:203,0
DA:205,0
DA:207,0
DA:209,0
DA:220,0
DA:222,0
DA:224,0
DA:226,0
DA:228,0
DA:230,0
DA:237,0
DA:239,0
DA:241,0
DA:248,0
DA:250,0
DA:252,0
DA:264,0
DA:303,1
DA:304,0
DA:308,0
DA:317,0
DA:320,0
DA:321,0
DA:331,0
DA:340,0
DA:351,0
DA:352,0
DA:360,0
LF:56
LH:13
BRDA:8,0,0,1
BRDA:8,0,1,1
BRDA:187,1,0,0
BRDA:187,1,1,0
BRDA:187,1,2,0
BRDA:187,1,3,0
BRDA:187,1,4,0
BRDA:187,1,5,0
BRDA:187,1,6,0
BRDA:187,1,7,0
BRDA:187,1,8,0
BRDA:187,1,9,0
BRDA:187,1,10,0
BRDA:220,2,0,0
BRDA:220,2,1,0
BRDA:220,2,2,0
BRDA:220,2,3,0
BRDA:220,2,4,0
BRDA:220,2,5,0
BRDA:220,2,6,0
BRDA:220,2,7,0
BRDA:220,2,8,0
BRDA:220,2,9,0
BRDA:220,2,10,0
BRDA:307,3,0,0
BRDA:320,4,0,0
BRDA:352,5,0,0
BRDA:352,5,1,0
BRF:28
BRH:2
end_of_record
TN:
SF:src\application\MPLPApplication.ts
FN:57,(anonymous_0)
FN:76,(anonymous_1)
FN:83,(anonymous_2)
FN:90,(anonymous_3)
FN:97,(anonymous_4)
FN:113,(anonymous_5)
FN:153,(anonymous_6)
FN:176,(anonymous_7)
FN:183,(anonymous_8)
FN:197,(anonymous_9)
FN:234,(anonymous_10)
FN:269,(anonymous_11)
FN:276,(anonymous_12)
FN:296,(anonymous_13)
FNF:14
FNH:11
FNDA:24,(anonymous_0)
FNDA:4,(anonymous_1)
FNDA:3,(anonymous_2)
FNDA:22,(anonymous_3)
FNDA:4,(anonymous_4)
FNDA:14,(anonymous_5)
FNDA:0,(anonymous_6)
FNDA:0,(anonymous_7)
FNDA:0,(anonymous_8)
FNDA:7,(anonymous_9)
FNDA:7,(anonymous_10)
FNDA:1,(anonymous_11)
FNDA:1,(anonymous_12)
FNDA:13,(anonymous_13)
DA:1,1
DA:2,1
DA:4,1
DA:5,1
DA:6,1
DA:7,1
DA:8,1
DA:9,1
DA:10,1
DA:39,1
DA:48,24
DA:58,24
DA:60,24
DA:61,24
DA:64,24
DA:65,24
DA:66,24
DA:67,20
DA:68,20
DA:70,20
DA:77,4
DA:84,3
DA:91,22
DA:98,4
DA:99,3
DA:100,3
DA:114,14
DA:115,1
DA:118,13
DA:119,13
DA:120,13
DA:122,13
DA:125,13
DA:128,13
DA:129,13
DA:130,13
DA:132,13
DA:133,13
DA:135,13
DA:138,0
DA:139,0
DA:140,0
DA:141,0
DA:142,0
DA:154,0
DA:155,0
DA:158,0
DA:159,0
DA:160,0
DA:161,0
DA:164,0
DA:165,0
DA:166,0
DA:177,0
DA:184,0
DA:198,7
DA:199,1
DA:202,6
DA:203,6
DA:204,6
DA:206,6
DA:209,6
DA:212,6
DA:214,6
DA:215,6
DA:216,6
DA:218,6
DA:221,0
DA:222,0
DA:223,0
DA:224,0
DA:225,0
DA:235,7
DA:236,1
DA:239,6
DA:240,6
DA:241,6
DA:243,6
DA:246,6
DA:249,6
DA:251,6
DA:252,6
DA:253,6
DA:255,6
DA:258,0
DA:259,0
DA:260,0
DA:261,0
DA:262,0
DA:270,1
DA:277,1
DA:297,13
DA:298,0
DA:301,13
DA:302,0
LF:95
LH:67
BRDA:64,0,0,24
BRDA:64,0,1,3
BRDA:98,1,0,1
BRDA:99,2,0,3
BRDA:99,2,1,2
BRDA:114,3,0,1
BRDA:140,4,0,0
BRDA:140,4,1,0
BRDA:141,5,0,0
BRDA:141,5,1,0
BRDA:154,6,0,0
BRDA:164,7,0,0
BRDA:164,7,1,0
BRDA:165,8,0,0
BRDA:165,8,1,0
BRDA:198,9,0,1
BRDA:223,10,0,0
BRDA:223,10,1,0
BRDA:224,11,0,0
BRDA:224,11,1,0
BRDA:235,12,0,1
BRDA:260,13,0,0
BRDA:260,13,1,0
BRDA:261,14,0,0
BRDA:261,14,1,0
BRDA:297,15,0,0
BRDA:301,16,0,0
BRF:27
BRH:8
end_of_record
TN:
SF:src\config\ConfigManager.ts
FN:73,(anonymous_9)
FN:176,(anonymous_10)
FN:111,(anonymous_11)
FN:114,(anonymous_12)
FN:117,(anonymous_13)
FN:143,(anonymous_14)
FN:158,(anonymous_15)
FN:163,(anonymous_16)
FN:187,(anonymous_17)
FN:192,(anonymous_18)
FN:194,(anonymous_19)
FN:201,(anonymous_20)
FN:214,(anonymous_21)
FN:230,(anonymous_22)
FN:238,(anonymous_23)
FN:249,(anonymous_24)
FN:271,(anonymous_25)
FN:309,(anonymous_26)
FN:312,(anonymous_27)
FN:349,(anonymous_28)
FN:350,(anonymous_29)
FN:366,(anonymous_30)
FN:373,(anonymous_31)
FN:375,(anonymous_32)
FN:382,(anonymous_33)
FN:383,(anonymous_34)
FN:389,(anonymous_35)
FN:422,(anonymous_36)
FN:429,(anonymous_37)
FN:431,(anonymous_38)
FN:461,(anonymous_39)
FN:469,(anonymous_40)
FN:476,(anonymous_41)
FN:488,(anonymous_42)
FN:503,(anonymous_43)
FN:517,(anonymous_44)
FN:525,(anonymous_45)
FN:555,(anonymous_46)
FNF:38
FNH:27
FNDA:40,(anonymous_9)
FNDA:0,(anonymous_10)
FNDA:40,(anonymous_11)
FNDA:167,(anonymous_12)
FNDA:5,(anonymous_13)
FNDA:13,(anonymous_14)
FNDA:0,(anonymous_15)
FNDA:0,(anonymous_16)
FNDA:40,(anonymous_17)
FNDA:0,(anonymous_18)
FNDA:0,(anonymous_19)
FNDA:13,(anonymous_20)
FNDA:0,(anonymous_21)
FNDA:0,(anonymous_22)
FNDA:13,(anonymous_23)
FNDA:48,(anonymous_24)
FNDA:16,(anonymous_25)
FNDA:1,(anonymous_26)
FNDA:2,(anonymous_27)
FNDA:16,(anonymous_28)
FNDA:3,(anonymous_29)
FNDA:2,(anonymous_30)
FNDA:2,(anonymous_31)
FNDA:0,(anonymous_32)
FNDA:0,(anonymous_33)
FNDA:0,(anonymous_34)
FNDA:2,(anonymous_35)
FNDA:1,(anonymous_36)
FNDA:6,(anonymous_37)
FNDA:4,(anonymous_38)
FNDA:1,(anonymous_39)
FNDA:1,(anonymous_40)
FNDA:1,(anonymous_41)
FNDA:1,(anonymous_42)
FNDA:1,(anonymous_43)
FNDA:2,(anonymous_44)
FNDA:0,(anonymous_45)
FNDA:1,(anonymous_46)
DA:1,2
DA:2,2
DA:3,2
DA:63,2
DA:66,40
DA:67,40
DA:68,40
DA:69,40
DA:70,40
DA:71,40
DA:79,40
DA:81,40
DA:84,40
DA:85,2
DA:86,2
DA:91,40
DA:92,40
DA:93,40
DA:97,40
DA:100,36
DA:103,36
DA:104,0
DA:112,40
DA:114,40
DA:115,167
DA:117,123
DA:118,5
DA:119,5
DA:120,4
DA:121,4
DA:123,1
DA:125,44
DA:126,0
DA:127,44
DA:128,43
DA:129,43
DA:130,127
DA:132,43
DA:134,1
DA:137,40
DA:145,13
DA:146,0
DA:150,13
DA:152,13
DA:159,0
DA:161,0
DA:162,0
DA:163,0
DA:164,0
DA:165,0
DA:168,0
DA:176,40
DA:177,0
DA:178,0
DA:180,0
DA:192,40
DA:193,0
DA:194,0
DA:202,13
DA:204,0
DA:205,0
DA:206,0
DA:215,0
DA:216,0
DA:217,0
DA:220,0
DA:223,0
DA:231,0
DA:232,0
DA:239,13
DA:250,48
DA:251,48
DA:253,48
DA:254,66
DA:255,44
DA:257,22
DA:261,26
DA:272,16
DA:275,16
DA:277,14
DA:278,14
DA:280,14
DA:281,2
DA:282,2
DA:283,2
DA:285,2
DA:288,14
DA:289,14
DA:292,14
DA:300,14
DA:303,14
DA:310,1
DA:312,1
DA:313,2
DA:314,5
DA:315,5
DA:317,5
DA:318,1
DA:319,1
DA:321,1
DA:323,4
DA:324,4
DA:326,4
DA:337,1
DA:340,1
DA:343,1
DA:350,16
DA:351,16
DA:352,3
DA:353,3
DA:354,2
DA:355,2
DA:367,2
DA:375,2
DA:376,2
DA:383,0
DA:390,2
DA:391,2
DA:392,0
DA:396,2
DA:397,2
DA:398,5
DA:399,1
DA:402,4
DA:403,0
DA:404,0
DA:411,1
DA:414,1
DA:416,1
DA:427,1
DA:429,1
DA:430,6
DA:431,4
DA:432,4
DA:433,3
DA:437,1
DA:438,1
DA:441,0
DA:443,2
DA:444,0
DA:445,2
DA:446,2
DA:447,2
DA:448,5
DA:450,2
DA:452,0
DA:455,1
DA:462,1
DA:463,1
DA:470,1
DA:477,1
DA:478,1
DA:479,1
DA:480,1
DA:482,1
DA:493,1
DA:507,1
DA:508,1
DA:509,1
DA:511,1
DA:518,2
DA:519,2
DA:526,0
DA:528,0
DA:529,0
DA:531,0
DA:535,0
DA:536,0
DA:537,0
DA:538,0
DA:539,0
DA:540,0
DA:541,0
DA:546,0
DA:557,1
DA:558,0
DA:560,1
DA:563,1
DA:566,1
LF:179
LH:134
BRDA:73,0,0,36
BRDA:182,1,0,40
BRDA:182,1,1,40
BRDA:84,2,0,2
BRDA:92,3,0,40
BRDA:103,4,0,0
BRDA:103,5,0,36
BRDA:103,5,1,0
BRDA:115,6,0,123
BRDA:115,6,1,44
BRDA:119,7,0,4
BRDA:123,8,0,1
BRDA:123,8,1,0
BRDA:125,9,0,0
BRDA:125,9,1,44
BRDA:127,10,0,43
BRDA:127,11,0,44
BRDA:127,11,1,44
BRDA:145,12,0,0
BRDA:145,13,0,13
BRDA:145,13,1,0
BRDA:159,14,0,0
BRDA:162,15,0,0
BRDA:164,16,0,0
BRDA:202,17,0,13
BRDA:205,18,0,0
BRDA:254,19,0,44
BRDA:254,19,1,22
BRDA:254,20,0,66
BRDA:254,20,1,66
BRDA:254,20,2,66
BRDA:271,21,0,16
BRDA:282,22,0,2
BRDA:282,23,0,2
BRDA:282,23,1,0
BRDA:312,24,0,1
BRDA:314,25,0,4
BRDA:314,25,1,1
BRDA:317,26,0,1
BRDA:317,26,1,4
BRDA:317,27,0,5
BRDA:317,27,1,5
BRDA:317,27,2,1
BRDA:318,28,0,1
BRDA:318,29,0,1
BRDA:318,29,1,0
BRDA:351,30,0,3
BRDA:353,31,0,2
BRDA:354,32,0,0
BRDA:354,32,1,2
BRDA:354,33,0,2
BRDA:354,33,1,0
BRDA:389,34,0,0
BRDA:391,35,0,0
BRDA:396,36,0,2
BRDA:398,37,0,1
BRDA:398,38,0,5
BRDA:398,38,1,3
BRDA:402,39,0,0
BRDA:402,40,0,4
BRDA:402,40,1,3
BRDA:403,41,0,0
BRDA:430,42,0,4
BRDA:430,42,1,2
BRDA:432,43,0,3
BRDA:437,44,0,1
BRDA:437,45,0,1
BRDA:437,45,1,1
BRDA:437,45,2,1
BRDA:443,46,0,0
BRDA:443,46,1,2
BRDA:445,47,0,2
BRDA:445,48,0,2
BRDA:445,48,1,2
BRDA:463,49,0,0
BRDA:463,49,1,1
BRDA:517,50,0,1
BRDA:518,51,0,1
BRDA:518,51,1,1
BRDA:531,52,0,0
BRDA:531,52,1,0
BRDA:537,53,0,0
BRDA:539,54,0,0
BRDA:540,55,0,0
BRDA:540,55,1,0
BRDA:540,56,0,0
BRDA:540,56,1,0
BRF:87
BRH:59
end_of_record
TN:
SF:src\errors\ApplicationError.ts
FN:10,(anonymous_0)
FNF:1
FNH:1
FNDA:3,(anonymous_0)
DA:1,1
DA:9,1
DA:11,3
DA:12,3
LF:4
LH:4
BRF:0
BRH:0
end_of_record
TN:
SF:src\errors\MPLPError.ts
FN:12,(anonymous_0)
FN:29,(anonymous_1)
FN:47,(anonymous_2)
FNF:3
FNH:1
FNDA:8,(anonymous_0)
FNDA:0,(anonymous_1)
FNDA:0,(anonymous_2)
DA:7,2
DA:13,8
DA:15,8
DA:16,8
DA:17,8
DA:18,8
DA:21,8
DA:22,8
DA:30,0
DA:48,0
DA:50,0
DA:51,0
DA:54,0
LF:13
LH:8
BRDA:12,0,0,0
BRDA:21,1,0,8
BRDA:36,2,0,0
BRDA:36,2,1,0
BRDA:50,3,0,0
BRF:5
BRH:1
end_of_record
TN:
SF:src\errors\ModuleError.ts
FN:10,(anonymous_0)
FNF:1
FNH:1
FNDA:5,(anonymous_0)
DA:1,2
DA:9,2
DA:11,5
DA:12,5
LF:4
LH:4
BRF:0
BRH:0
end_of_record
TN:
SF:src\events\EventBus.ts
FN:93,(anonymous_0)
FN:114,(anonymous_1)
FN:122,(anonymous_2)
FN:130,(anonymous_3)
FN:141,(anonymous_4)
FN:155,(anonymous_5)
FN:202,(anonymous_6)
FN:213,(anonymous_7)
FN:232,(anonymous_8)
FN:244,(anonymous_9)
FN:252,(anonymous_10)
FN:260,(anonymous_11)
FN:261,(anonymous_12)
FN:263,(anonymous_13)
FN:264,(anonymous_14)
FN:271,(anonymous_15)
FN:324,(anonymous_16)
FN:344,(anonymous_17)
FN:353,(anonymous_18)
FN:360,(anonymous_19)
FN:367,(anonymous_20)
FN:375,(anonymous_21)
FN:385,(anonymous_22)
FN:416,(anonymous_23)
FN:420,(anonymous_24)
FN:423,(anonymous_25)
FN:446,(anonymous_26)
FN:457,(anonymous_27)
FN:463,(anonymous_28)
FN:473,(anonymous_29)
FN:476,(anonymous_30)
FN:488,(anonymous_31)
FN:489,(anonymous_32)
FN:523,(anonymous_33)
FN:528,(anonymous_34)
FN:531,(anonymous_35)
FN:539,(anonymous_36)
FN:546,(anonymous_37)
FN:556,(anonymous_38)
FN:562,(anonymous_39)
FN:567,(anonymous_40)
FN:570,(anonymous_41)
FN:602,(anonymous_42)
FN:603,(anonymous_43)
FN:608,(anonymous_44)
FN:609,(anonymous_45)
FN:617,(anonymous_46)
FN:628,(anonymous_47)
FN:639,(anonymous_48)
FN:660,(anonymous_49)
FNF:50
FNH:41
FNDA:59,(anonymous_0)
FNDA:0,(anonymous_1)
FNDA:2,(anonymous_2)
FNDA:4,(anonymous_3)
FNDA:1,(anonymous_4)
FNDA:56,(anonymous_5)
FNDA:0,(anonymous_6)
FNDA:75,(anonymous_7)
FNDA:0,(anonymous_8)
FNDA:4,(anonymous_9)
FNDA:4,(anonymous_10)
FNDA:1,(anonymous_11)
FNDA:2,(anonymous_12)
FNDA:1,(anonymous_13)
FNDA:2,(anonymous_14)
FNDA:3,(anonymous_15)
FNDA:2,(anonymous_16)
FNDA:4,(anonymous_17)
FNDA:2,(anonymous_18)
FNDA:4,(anonymous_19)
FNDA:1,(anonymous_20)
FNDA:2,(anonymous_21)
FNDA:1,(anonymous_22)
FNDA:115,(anonymous_23)
FNDA:4,(anonymous_24)
FNDA:6,(anonymous_25)
FNDA:1,(anonymous_26)
FNDA:59,(anonymous_27)
FNDA:7,(anonymous_28)
FNDA:3,(anonymous_29)
FNDA:5,(anonymous_30)
FNDA:75,(anonymous_31)
FNDA:19,(anonymous_32)
FNDA:1,(anonymous_33)
FNDA:1,(anonymous_34)
FNDA:1,(anonymous_35)
FNDA:1,(anonymous_36)
FNDA:0,(anonymous_37)
FNDA:59,(anonymous_38)
FNDA:18,(anonymous_39)
FNDA:59,(anonymous_40)
FNDA:56,(anonymous_41)
FNDA:59,(anonymous_42)
FNDA:0,(anonymous_43)
FNDA:0,(anonymous_44)
FNDA:0,(anonymous_45)
FNDA:0,(anonymous_46)
FNDA:0,(anonymous_47)
FNDA:22,(anonymous_48)
FNDA:41,(anonymous_49)
DA:1,3
DA:75,3
DA:77,59
DA:78,59
DA:79,59
DA:80,59
DA:82,59
DA:89,59
DA:90,59
DA:100,59
DA:102,59
DA:103,59
DA:104,59
DA:107,59
DA:109,59
DA:110,59
DA:114,59
DA:115,0
DA:123,2
DA:124,2
DA:131,4
DA:132,3
DA:134,4
DA:135,4
DA:142,1
DA:143,1
DA:144,1
DA:145,1
DA:146,1
DA:147,1
DA:156,56
DA:157,0
DA:160,56
DA:161,56
DA:164,56
DA:174,56
DA:177,56
DA:178,3
DA:179,3
DA:183,53
DA:184,53
DA:187,53
DA:188,13
DA:189,13
DA:191,0
DA:197,53
DA:198,53
DA:201,53
DA:202,23
DA:203,0
DA:207,53
DA:214,75
DA:215,0
DA:219,75
DA:220,0
DA:224,75
DA:226,75
DA:233,0
DA:234,0
DA:237,0
DA:238,0
DA:246,4
DA:249,4
DA:252,4
DA:253,4
DA:261,2
DA:263,1
DA:264,2
DA:272,3
DA:273,3
DA:276,3
DA:286,3
DA:289,3
DA:290,0
DA:291,0
DA:294,3
DA:296,3
DA:299,3
DA:302,3
DA:303,3
DA:306,3
DA:307,3
DA:310,0
DA:311,0
DA:312,0
DA:315,0
DA:317,0
DA:325,2
DA:326,2
DA:328,2
DA:329,3
DA:330,3
DA:331,2
DA:333,1
DA:334,1
DA:338,1
DA:346,4
DA:347,4
DA:354,2
DA:361,4
DA:368,1
DA:369,1
DA:376,2
DA:377,0
DA:379,2
DA:388,1
DA:389,1
DA:391,0
DA:394,1
DA:395,1
DA:396,2
DA:398,2
DA:399,0
DA:401,2
DA:403,2
DA:405,0
DA:409,1
DA:410,1
DA:417,115
DA:421,4
DA:423,4
DA:425,6
DA:426,1
DA:430,5
DA:433,2
DA:434,2
DA:435,1
DA:440,4
DA:441,1
DA:445,4
DA:446,1
DA:447,1
DA:449,1
DA:453,3
DA:458,59
DA:459,59
DA:460,54
DA:463,5
DA:464,7
DA:465,7
DA:467,0
DA:468,0
DA:474,3
DA:476,3
DA:477,5
DA:478,3
DA:481,2
DA:482,2
DA:485,3
DA:489,75
DA:490,19
DA:492,19
DA:494,19
DA:495,0
DA:499,19
DA:500,0
DA:502,19
DA:506,18
DA:507,18
DA:510,1
DA:513,1
DA:515,0
DA:518,1
DA:528,1
DA:529,1
DA:531,1
DA:532,1
DA:533,1
DA:534,1
DA:538,1
DA:540,1
DA:541,0
DA:542,0
DA:543,0
DA:547,0
DA:548,0
DA:549,0
DA:550,0
DA:557,59
DA:558,59
DA:559,59
DA:563,18
DA:564,18
DA:569,59
DA:570,59
DA:571,56
DA:572,56
DA:575,56
DA:576,56
DA:584,56
DA:587,56
DA:588,1
DA:592,56
DA:595,0
DA:597,0
DA:603,59
DA:604,0
DA:609,0
DA:610,0
DA:611,0
DA:612,0
DA:613,0
DA:618,0
DA:620,0
DA:621,0
DA:622,0
DA:623,0
DA:625,0
DA:628,0
DA:629,0
DA:630,0
DA:640,22
DA:641,22
DA:642,22
DA:645,22
DA:646,22
DA:647,22
DA:648,22
DA:649,22
DA:650,22
DA:652,22
DA:661,41
LF:222
LH:172
BRDA:93,0,0,37
BRDA:104,1,0,59
BRDA:104,1,1,59
BRDA:109,2,0,59
BRDA:110,3,0,59
BRDA:110,3,1,37
BRDA:131,4,0,3
BRDA:143,5,0,1
BRDA:145,6,0,1
BRDA:156,7,0,0
BRDA:160,8,0,45
BRDA:160,8,1,11
BRDA:177,9,0,3
BRDA:201,10,0,23
BRDA:214,11,0,0
BRDA:219,12,0,0
BRDA:233,13,0,0
BRDA:244,14,0,2
BRDA:272,15,0,2
BRDA:272,15,1,1
BRDA:289,16,0,0
BRDA:306,17,0,3
BRDA:311,18,0,0
BRDA:311,18,1,0
BRDA:361,19,0,0
BRDA:361,19,1,4
BRDA:376,20,0,0
BRDA:388,21,0,1
BRDA:388,21,1,0
BRDA:391,22,0,0
BRDA:391,22,1,0
BRDA:398,23,0,0
BRDA:398,23,1,2
BRDA:425,24,0,1
BRDA:425,25,0,6
BRDA:425,25,1,3
BRDA:430,26,0,2
BRDA:433,27,0,2
BRDA:433,27,1,0
BRDA:434,28,0,1
BRDA:440,29,0,1
BRDA:445,30,0,1
BRDA:459,31,0,54
BRDA:459,32,0,59
BRDA:459,32,1,6
BRDA:477,33,0,3
BRDA:494,34,0,0
BRDA:494,35,0,19
BRDA:494,35,1,0
BRDA:499,36,0,0
BRDA:499,36,1,19
BRDA:513,37,0,0
BRDA:513,38,0,1
BRDA:513,38,1,0
BRDA:532,39,0,1
BRDA:540,40,0,0
BRDA:547,41,0,0
BRDA:558,42,0,59
BRDA:558,42,1,39
BRDA:575,43,0,56
BRDA:587,44,0,1
BRDA:609,45,0,0
BRDA:609,45,1,0
BRDA:610,46,0,0
BRDA:610,47,0,0
BRDA:610,47,1,0
BRDA:611,48,0,0
BRDA:611,48,1,0
BRDA:628,49,0,0
BRDA:628,49,1,0
BRDA:629,50,0,0
BRDA:629,51,0,0
BRDA:629,51,1,0
BRDA:640,52,0,22
BRF:74
BRH:41
end_of_record
TN:
SF:src\health\HealthChecker.ts
FN:38,(anonymous_0)
FN:101,(anonymous_1)
FN:113,(anonymous_2)
FN:118,(anonymous_3)
FN:144,(anonymous_4)
FN:146,(anonymous_5)
FN:163,(anonymous_6)
FN:165,(anonymous_7)
FN:170,(anonymous_8)
FN:183,(anonymous_9)
FN:218,(anonymous_10)
FN:231,(anonymous_11)
FN:244,(anonymous_12)
FN:250,(anonymous_13)
FN:258,(anonymous_14)
FN:273,(anonymous_15)
FN:280,(anonymous_16)
FN:288,(anonymous_17)
FN:289,(anonymous_18)
FN:290,(anonymous_19)
FN:297,(anonymous_20)
FN:319,(anonymous_21)
FN:320,(anonymous_22)
FN:345,(anonymous_23)
FN:368,(anonymous_24)
FN:375,(anonymous_25)
FN:382,(anonymous_26)
FN:400,(anonymous_27)
FN:401,(anonymous_28)
FN:415,(anonymous_29)
FN:475,(anonymous_30)
FN:479,(anonymous_31)
FN:480,(anonymous_32)
FN:485,(anonymous_33)
FN:489,(anonymous_34)
FN:499,(anonymous_35)
FN:525,(anonymous_36)
FN:526,(anonymous_37)
FN:532,(anonymous_38)
FN:554,(anonymous_39)
FN:561,(anonymous_40)
FN:568,(anonymous_41)
FN:575,(anonymous_42)
FNF:43
FNH:38
FNDA:2,(anonymous_0)
FNDA:36,(anonymous_1)
FNDA:36,(anonymous_2)
FNDA:74,(anonymous_3)
FNDA:38,(anonymous_4)
FNDA:38,(anonymous_5)
FNDA:38,(anonymous_6)
FNDA:0,(anonymous_7)
FNDA:0,(anonymous_8)
FNDA:124,(anonymous_9)
FNDA:1,(anonymous_10)
FNDA:26,(anonymous_11)
FNDA:6,(anonymous_12)
FNDA:0,(anonymous_13)
FNDA:22,(anonymous_14)
FNDA:1,(anonymous_15)
FNDA:38,(anonymous_16)
FNDA:138,(anonymous_17)
FNDA:121,(anonymous_18)
FNDA:121,(anonymous_19)
FNDA:80,(anonymous_20)
FNDA:138,(anonymous_21)
FNDA:138,(anonymous_22)
FNDA:1,(anonymous_23)
FNDA:1,(anonymous_24)
FNDA:1,(anonymous_25)
FNDA:38,(anonymous_26)
FNDA:38,(anonymous_27)
FNDA:138,(anonymous_28)
FNDA:138,(anonymous_29)
FNDA:209,(anonymous_30)
FNDA:209,(anonymous_31)
FNDA:8,(anonymous_32)
FNDA:199,(anonymous_33)
FNDA:10,(anonymous_34)
FNDA:138,(anonymous_35)
FNDA:71,(anonymous_36)
FNDA:71,(anonymous_37)
FNDA:0,(anonymous_38)
FNDA:3,(anonymous_39)
FNDA:1,(anonymous_40)
FNDA:0,(anonymous_41)
FNDA:16,(anonymous_42)
DA:2,2
DA:38,2
DA:39,2
DA:40,2
DA:41,2
DA:42,2
DA:88,2
DA:92,36
DA:93,36
DA:94,36
DA:95,36
DA:96,36
DA:97,36
DA:98,36
DA:102,36
DA:103,36
DA:104,36
DA:107,36
DA:115,36
DA:119,74
DA:120,74
DA:121,74
DA:122,74
DA:124,74
DA:141,36
DA:145,38
DA:146,38
DA:147,38
DA:149,38
DA:160,36
DA:164,38
DA:165,38
DA:167,38
DA:170,0
DA:184,124
DA:187,124
DA:188,1
DA:192,123
DA:201,123
DA:204,123
DA:212,123
DA:219,1
DA:220,1
DA:221,1
DA:222,1
DA:223,1
DA:224,1
DA:232,26
DA:235,26
DA:237,26
DA:238,26
DA:245,6
DA:246,0
DA:249,6
DA:250,6
DA:251,0
DA:259,22
DA:260,16
DA:263,6
DA:264,6
DA:265,6
DA:266,6
DA:274,1
DA:282,38
DA:284,38
DA:285,38
DA:288,138
DA:289,121
DA:290,121
DA:293,38
DA:294,14
DA:296,24
DA:297,80
DA:298,24
DA:299,24
DA:300,0
DA:301,0
DA:303,0
DA:308,38
DA:316,38
DA:317,38
DA:319,138
DA:320,138
DA:324,38
DA:335,38
DA:336,38
DA:337,38
DA:339,38
DA:351,1
DA:353,1
DA:369,1
DA:376,1
DA:383,38
DA:385,38
DA:386,138
DA:394,38
DA:401,38
DA:402,138
DA:403,138
DA:405,1
DA:409,38
DA:416,138
DA:418,138
DA:419,138
DA:421,138
DA:422,209
DA:424,209
DA:426,209
DA:427,191
DA:428,191
DA:431,191
DA:432,116
DA:436,75
DA:437,57
DA:438,57
DA:442,18
DA:449,18
DA:450,14
DA:451,14
DA:457,138
DA:458,138
DA:461,138
DA:462,116
DA:464,22
DA:466,22
DA:467,15
DA:479,209
DA:480,209
DA:481,8
DA:484,209
DA:486,199
DA:487,199
DA:490,10
DA:491,10
DA:500,138
DA:501,138
DA:503,138
DA:504,138
DA:506,138
DA:507,116
DA:509,22
DA:513,138
DA:514,48
DA:515,48
DA:519,138
DA:526,71
DA:533,0
DA:534,0
DA:537,0
DA:539,0
DA:540,0
DA:541,0
DA:542,0
DA:546,0
DA:547,0
DA:555,3
DA:562,1
DA:569,0
DA:576,16
DA:577,0
DA:578,0
DA:581,16
DA:582,16
DA:584,16
DA:585,16
LF:165
LH:147
BRDA:38,0,0,2
BRDA:38,0,1,2
BRDA:169,1,0,0
BRDA:169,1,1,38
BRDA:187,2,0,1
BRDA:187,3,0,124
BRDA:187,3,1,123
BRDA:219,4,0,1
BRDA:245,5,0,0
BRDA:259,6,0,16
BRDA:264,7,0,6
BRDA:293,8,0,14
BRDA:293,8,1,24
BRDA:298,9,0,24
BRDA:298,9,1,0
BRDA:300,10,0,0
BRDA:300,10,1,0
BRDA:312,11,0,0
BRDA:312,11,1,38
BRDA:387,12,0,138
BRDA:387,12,1,0
BRDA:419,13,0,138
BRDA:419,13,1,0
BRDA:426,14,0,209
BRDA:426,14,1,0
BRDA:431,15,0,116
BRDA:436,16,0,57
BRDA:444,17,0,18
BRDA:444,17,1,0
BRDA:449,18,0,14
BRDA:461,19,0,116
BRDA:461,19,1,22
BRDA:466,20,0,15
BRDA:501,21,0,0
BRDA:506,22,0,116
BRDA:506,22,1,22
BRDA:513,23,0,48
BRDA:539,24,0,0
BRDA:539,24,1,0
BRDA:541,25,0,0
BRDA:576,26,0,0
BRF:41
BRH:26
end_of_record
TN:
SF:src\logging\Logger.ts
FN:8,(anonymous_0)
FN:20,(anonymous_1)
FN:28,(anonymous_2)
FN:35,(anonymous_3)
FN:44,(anonymous_4)
FN:53,(anonymous_5)
FN:62,(anonymous_6)
FN:71,(anonymous_7)
FNF:8
FNH:4
FNDA:2,(anonymous_0)
FNDA:37,(anonymous_1)
FNDA:0,(anonymous_2)
FNDA:0,(anonymous_3)
FNDA:0,(anonymous_4)
FNDA:287,(anonymous_5)
FNDA:25,(anonymous_6)
FNDA:0,(anonymous_7)
DA:8,2
DA:9,2
DA:10,2
DA:11,2
DA:12,2
DA:13,2
DA:16,2
DA:18,37
DA:21,37
DA:22,37
DA:29,0
DA:36,0
DA:37,0
DA:45,0
DA:46,0
DA:54,287
DA:55,287
DA:63,25
DA:64,0
DA:72,0
DA:73,0
LF:21
LH:13
BRDA:8,0,0,2
BRDA:8,0,1,2
BRDA:20,1,0,37
BRDA:36,2,0,0
BRDA:45,3,0,0
BRDA:54,4,0,287
BRDA:63,5,0,0
BRDA:72,6,0,0
BRF:8
BRH:4
end_of_record
TN:
SF:src\modules\BaseModule.ts
FN:16,(anonymous_0)
FN:25,(anonymous_1)
FN:32,(anonymous_2)
FN:39,(anonymous_3)
FN:46,(anonymous_4)
FN:53,(anonymous_5)
FN:61,(anonymous_6)
FN:85,(anonymous_7)
FN:113,(anonymous_8)
FN:136,(anonymous_9)
FN:145,(anonymous_10)
FN:157,(anonymous_11)
FN:171,(anonymous_12)
FN:204,(anonymous_13)
FNF:14
FNH:8
FNDA:22,(anonymous_0)
FNDA:3,(anonymous_1)
FNDA:0,(anonymous_2)
FNDA:1,(anonymous_3)
FNDA:0,(anonymous_4)
FNDA:11,(anonymous_5)
FNDA:20,(anonymous_6)
FNDA:8,(anonymous_7)
FNDA:1,(anonymous_8)
FNDA:0,(anonymous_9)
FNDA:2,(anonymous_10)
FNDA:0,(anonymous_11)
FNDA:0,(anonymous_12)
FNDA:0,(anonymous_13)
DA:1,1
DA:9,1
DA:12,22
DA:13,22
DA:14,22
DA:17,22
DA:18,22
DA:19,22
DA:26,3
DA:33,0
DA:40,1
DA:47,0
DA:54,11
DA:62,20
DA:63,0
DA:66,20
DA:67,20
DA:69,20
DA:70,20
DA:71,19
DA:72,19
DA:73,19
DA:75,1
DA:76,1
DA:77,0
DA:86,8
DA:87,0
DA:90,8
DA:91,0
DA:94,8
DA:95,8
DA:97,8
DA:98,8
DA:99,7
DA:100,7
DA:101,7
DA:103,1
DA:104,1
DA:105,0
DA:114,1
DA:115,1
DA:118,0
DA:119,0
DA:121,0
DA:122,0
DA:123,0
DA:124,0
DA:125,0
DA:127,0
DA:128,0
DA:129,0
DA:137,0
DA:138,0
DA:146,2
DA:147,2
DA:149,0
DA:158,0
DA:172,0
DA:205,0
LF:59
LH:36
BRDA:16,0,0,0
BRDA:62,1,0,0
BRDA:86,2,0,0
BRDA:90,3,0,0
BRDA:114,4,0,1
BRDA:176,5,0,0
BRDA:176,5,1,0
BRF:7
BRH:1
end_of_record
TN:
SF:src\modules\ModuleManager.ts
FN:81,(anonymous_0)
FN:89,(anonymous_1)
FN:106,(anonymous_2)
FN:164,(anonymous_3)
FN:187,(anonymous_4)
FN:188,(anonymous_5)
FN:203,(anonymous_6)
FN:221,(anonymous_7)
FN:248,(anonymous_8)
FN:253,(anonymous_9)
FN:291,(anonymous_10)
FN:298,(anonymous_11)
FN:305,(anonymous_12)
FN:341,(anonymous_13)
FN:376,(anonymous_14)
FN:406,(anonymous_15)
FN:436,(anonymous_16)
FN:458,(anonymous_17)
FN:484,(anonymous_18)
FN:509,(anonymous_19)
FN:512,(anonymous_20)
FN:542,(anonymous_21)
FN:544,(anonymous_22)
FN:550,(anonymous_23)
FN:581,(anonymous_24)
FN:594,(anonymous_25)
FN:601,(anonymous_26)
FNF:27
FNH:23
FNDA:33,(anonymous_0)
FNDA:26,(anonymous_1)
FNDA:22,(anonymous_2)
FNDA:10,(anonymous_3)
FNDA:20,(anonymous_4)
FNDA:8,(anonymous_5)
FNDA:1,(anonymous_6)
FNDA:1,(anonymous_7)
FNDA:8,(anonymous_8)
FNDA:8,(anonymous_9)
FNDA:1,(anonymous_10)
FNDA:2,(anonymous_11)
FNDA:5,(anonymous_12)
FNDA:0,(anonymous_13)
FNDA:8,(anonymous_14)
FNDA:6,(anonymous_15)
FNDA:1,(anonymous_16)
FNDA:14,(anonymous_17)
FNDA:1,(anonymous_18)
FNDA:15,(anonymous_19)
FNDA:2,(anonymous_20)
FNDA:0,(anonymous_21)
FNDA:0,(anonymous_22)
FNDA:0,(anonymous_23)
FNDA:1,(anonymous_24)
FNDA:1,(anonymous_25)
FNDA:1,(anonymous_26)
DA:4,2
DA:70,2
DA:71,33
DA:72,33
DA:73,33
DA:74,33
DA:75,33
DA:78,33
DA:79,33
DA:82,33
DA:83,33
DA:90,26
DA:91,0
DA:94,26
DA:95,26
DA:96,26
DA:111,22
DA:112,0
DA:115,22
DA:116,0
DA:119,22
DA:122,22
DA:123,10
DA:127,20
DA:128,20
DA:131,20
DA:134,20
DA:135,20
DA:136,19
DA:139,1
DA:140,1
DA:141,1
DA:143,1
DA:144,1
DA:145,1
DA:149,19
DA:150,1
DA:151,1
DA:153,0
DA:157,19
DA:158,19
DA:165,10
DA:166,10
DA:167,1
DA:170,9
DA:171,2
DA:172,2
DA:173,2
DA:175,2
DA:176,1
DA:188,20
DA:189,20
DA:192,20
DA:193,8
DA:194,8
DA:196,8
DA:204,1
DA:207,1
DA:208,0
DA:209,0
DA:210,0
DA:211,0
DA:215,1
DA:224,1
DA:225,1
DA:228,1
DA:229,1
DA:233,0
DA:234,0
DA:238,0
DA:239,0
DA:242,0
DA:249,8
DA:250,8
DA:251,8
DA:253,8
DA:254,8
DA:255,2
DA:258,6
DA:259,1
DA:262,5
DA:265,5
DA:266,5
DA:267,4
DA:268,4
DA:272,3
DA:273,3
DA:274,3
DA:278,8
DA:279,4
DA:282,7
DA:292,1
DA:299,2
DA:306,5
DA:307,5
DA:308,0
DA:311,5
DA:312,0
DA:313,0
DA:317,5
DA:318,5
DA:319,1
DA:320,1
DA:324,5
DA:326,5
DA:327,5
DA:328,4
DA:329,4
DA:330,4
DA:332,1
DA:333,1
DA:334,1
DA:342,0
DA:343,0
DA:344,0
DA:347,0
DA:348,0
DA:349,0
DA:353,0
DA:354,0
DA:355,0
DA:356,0
DA:360,0
DA:362,0
DA:363,0
DA:364,0
DA:365,0
DA:366,0
DA:368,0
DA:377,8
DA:379,8
DA:380,7
DA:382,7
DA:383,3
DA:384,3
DA:385,3
DA:386,3
DA:387,3
DA:388,3
DA:389,3
DA:390,3
DA:392,0
DA:393,0
DA:394,0
DA:395,0
DA:400,7
DA:407,6
DA:410,6
DA:412,6
DA:413,0
DA:414,0
DA:415,0
DA:416,0
DA:417,0
DA:418,0
DA:419,0
DA:420,0
DA:422,0
DA:428,6
DA:437,1
DA:438,1
DA:439,0
DA:442,1
DA:444,1
DA:445,1
DA:447,0
DA:450,1
DA:451,1
DA:452,1
DA:459,14
DA:461,14
DA:462,0
DA:463,0
DA:464,0
DA:465,0
DA:467,0
DA:478,14
DA:485,1
DA:486,1
DA:487,0
DA:490,1
DA:491,1
DA:492,1
DA:493,1
DA:495,1
DA:510,15
DA:512,15
DA:513,2
DA:514,2
DA:517,2
DA:518,2
DA:520,0
DA:521,0
DA:524,2
DA:526,2
DA:535,15
DA:536,15
DA:543,0
DA:544,0
DA:551,0
DA:552,0
DA:553,0
DA:556,0
DA:557,0
DA:560,0
DA:561,0
DA:563,0
DA:564,0
DA:567,0
DA:569,0
DA:582,1
DA:584,1
DA:585,2
DA:588,1
DA:595,1
DA:602,1
LF:216
LH:147
BRDA:90,0,0,0
BRDA:109,1,0,8
BRDA:111,2,0,0
BRDA:115,3,0,0
BRDA:122,4,0,10
BRDA:131,5,0,20
BRDA:131,5,1,12
BRDA:143,6,0,0
BRDA:143,6,1,1
BRDA:144,7,0,0
BRDA:144,7,1,1
BRDA:149,8,0,1
BRDA:166,9,0,1
BRDA:166,10,0,10
BRDA:166,10,1,9
BRDA:170,11,0,2
BRDA:170,12,0,9
BRDA:170,12,1,2
BRDA:175,13,0,1
BRDA:175,14,0,2
BRDA:175,14,1,1
BRDA:193,15,0,8
BRDA:204,16,0,1
BRDA:204,16,1,0
BRDA:208,17,0,0
BRDA:208,17,1,0
BRDA:210,18,0,0
BRDA:228,19,0,1
BRDA:233,20,0,0
BRDA:238,21,0,0
BRDA:238,22,0,0
BRDA:238,22,1,0
BRDA:254,23,0,2
BRDA:258,24,0,1
BRDA:265,25,0,5
BRDA:265,25,1,0
BRDA:267,26,0,4
BRDA:307,27,0,0
BRDA:311,28,0,0
BRDA:317,29,0,5
BRDA:317,29,1,0
BRDA:319,30,0,1
BRDA:332,31,0,0
BRDA:332,31,1,1
BRDA:333,32,0,0
BRDA:333,32,1,1
BRDA:343,33,0,0
BRDA:347,34,0,0
BRDA:353,35,0,0
BRDA:353,35,1,0
BRDA:355,36,0,0
BRDA:384,37,0,3
BRDA:384,38,0,3
BRDA:384,38,1,3
BRDA:393,39,0,0
BRDA:393,39,1,0
BRDA:394,40,0,0
BRDA:394,40,1,0
BRDA:414,41,0,0
BRDA:414,42,0,0
BRDA:414,42,1,0
BRDA:438,43,0,0
BRDA:464,44,0,0
BRDA:464,44,1,0
BRDA:465,45,0,0
BRDA:465,45,1,0
BRDA:471,46,0,0
BRDA:471,46,1,0
BRDA:486,47,0,0
BRDA:492,48,0,1
BRDA:492,48,1,0
BRDA:493,49,0,1
BRDA:493,49,1,1
BRDA:499,50,0,1
BRDA:499,50,1,0
BRDA:521,51,0,0
BRDA:521,51,1,0
BRDA:552,52,0,0
BRDA:564,53,0,0
BRDA:564,53,1,0
BRDA:595,54,0,1
BRDA:595,54,1,0
BRDA:602,55,0,1
BRDA:602,55,1,0
BRF:84
BRH:36
end_of_record
