TN:
SF:src\bin\mplp.ts
FN:24,createCLIConfig
FN:53,createCLIContext
FN:65,main
FN:122,(anonymous_3)
FN:134,(anonymous_4)
FNF:5
FNH:0
FNDA:0,createCLIConfig
FNDA:0,createCLIContext
FNDA:0,main
FNDA:0,(anonymous_3)
FNDA:0,(anonymous_4)
DA:7,0
DA:9,0
DA:10,0
DA:11,0
DA:12,0
DA:13,0
DA:14,0
DA:15,0
DA:16,0
DA:17,0
DA:18,0
DA:19,0
DA:26,0
DA:28,0
DA:54,0
DA:66,0
DA:68,0
DA:69,0
DA:72,0
DA:73,0
DA:76,0
DA:77,0
DA:81,0
DA:82,0
DA:85,0
DA:98,0
DA:101,0
DA:102,0
DA:105,0
DA:107,0
DA:108,0
DA:110,0
DA:111,0
DA:114,0
DA:117,0
DA:122,0
DA:123,0
DA:124,0
DA:126,0
DA:127,0
DA:130,0
DA:134,0
DA:135,0
DA:136,0
DA:138,0
DA:139,0
DA:142,0
DA:146,0
DA:147,0
LF:49
LH:0
BRDA:68,0,0,0
BRDA:72,1,0,0
BRDA:76,2,0,0
BRDA:107,3,0,0
BRDA:107,3,1,0
BRDA:110,4,0,0
BRDA:111,5,0,0
BRDA:111,5,1,0
BRDA:126,6,0,0
BRDA:138,7,0,0
BRDA:139,8,0,0
BRDA:139,8,1,0
BRDA:146,9,0,0
BRF:13
BRH:0
end_of_record
TN:
SF:src\commands\BaseCommand.ts
FN:33,(anonymous_0)
FN:47,(anonymous_1)
FN:50,(anonymous_2)
FN:53,(anonymous_3)
FN:59,(anonymous_4)
FN:72,(anonymous_5)
FN:74,(anonymous_6)
FN:80,(anonymous_7)
FN:124,(anonymous_8)
FN:131,(anonymous_9)
FN:139,(anonymous_10)
FN:146,(anonymous_11)
FN:153,(anonymous_12)
FN:160,(anonymous_13)
FN:167,(anonymous_14)
FN:174,(anonymous_15)
FN:181,(anonymous_16)
FN:188,(anonymous_17)
FN:195,(anonymous_18)
FN:202,(anonymous_19)
FN:209,(anonymous_20)
FN:216,(anonymous_21)
FN:223,(anonymous_22)
FN:230,(anonymous_23)
FN:246,(anonymous_24)
FN:267,(anonymous_25)
FN:283,(anonymous_26)
FN:299,(anonymous_27)
FNF:28
FNH:11
FNDA:54,(anonymous_0)
FNDA:0,(anonymous_1)
FNDA:0,(anonymous_2)
FNDA:0,(anonymous_3)
FNDA:0,(anonymous_4)
FNDA:0,(anonymous_5)
FNDA:0,(anonymous_6)
FNDA:0,(anonymous_7)
FNDA:0,(anonymous_8)
FNDA:138,(anonymous_9)
FNDA:29,(anonymous_10)
FNDA:137,(anonymous_11)
FNDA:0,(anonymous_12)
FNDA:0,(anonymous_13)
FNDA:49,(anonymous_14)
FNDA:47,(anonymous_15)
FNDA:2,(anonymous_16)
FNDA:0,(anonymous_17)
FNDA:0,(anonymous_18)
FNDA:17,(anonymous_19)
FNDA:3,(anonymous_20)
FNDA:0,(anonymous_21)
FNDA:0,(anonymous_22)
FNDA:0,(anonymous_23)
FNDA:49,(anonymous_24)
FNDA:0,(anonymous_25)
FNDA:1,(anonymous_26)
FNDA:0,(anonymous_27)
DA:10,3
DA:34,54
DA:35,54
DA:36,54
DA:49,0
DA:50,0
DA:51,0
DA:52,0
DA:53,0
DA:58,0
DA:59,0
DA:60,0
DA:61,0
DA:62,0
DA:63,0
DA:73,0
DA:74,0
DA:81,0
DA:84,0
DA:86,0
DA:87,0
DA:88,0
DA:89,0
DA:90,0
DA:94,0
DA:95,0
DA:98,0
DA:101,0
DA:102,0
DA:103,0
DA:104,0
DA:105,0
DA:106,0
DA:111,0
DA:112,0
DA:113,0
DA:114,0
DA:115,0
DA:116,0
DA:117,0
DA:122,0
DA:123,0
DA:124,0
DA:132,138
DA:133,138
DA:140,29
DA:147,137
DA:154,0
DA:161,0
DA:168,49
DA:175,47
DA:182,2
DA:189,0
DA:196,0
DA:203,17
DA:210,3
DA:217,0
DA:224,0
DA:234,0
DA:235,0
DA:237,0
DA:238,0
DA:239,0
DA:252,49
DA:254,49
DA:255,49
DA:256,47
DA:257,47
DA:259,2
DA:260,2
DA:268,0
DA:269,0
DA:277,0
DA:284,1
DA:285,1
DA:293,0
DA:300,0
DA:301,0
DA:310,0
LF:79
LH:22
BRDA:49,0,0,0
BRDA:51,1,0,0
BRDA:58,2,0,0
BRDA:62,3,0,0
BRDA:74,4,0,0
BRDA:74,4,1,0
BRDA:86,5,0,0
BRDA:88,6,0,0
BRDA:88,6,1,0
BRDA:89,7,0,0
BRDA:89,7,1,0
BRDA:94,8,0,0
BRDA:94,9,0,0
BRDA:94,9,1,0
BRDA:101,10,0,0
BRDA:101,11,0,0
BRDA:101,11,1,0
BRDA:104,12,0,0
BRDA:104,12,1,0
BRDA:105,13,0,0
BRDA:105,13,1,0
BRDA:111,14,0,0
BRDA:111,15,0,0
BRDA:111,15,1,0
BRDA:114,16,0,0
BRDA:114,16,1,0
BRDA:115,17,0,0
BRDA:115,17,1,0
BRDA:116,18,0,0
BRDA:116,18,1,0
BRDA:122,19,0,0
BRDA:122,20,0,0
BRDA:122,20,1,0
BRDA:133,21,0,28
BRDA:133,21,1,110
BRDA:140,22,0,29
BRDA:140,22,1,4
BRDA:140,22,2,4
BRDA:232,23,0,0
BRDA:267,24,0,0
BRF:40
BRH:5
end_of_record
TN:
SF:src\commands\BuildCommand.ts
FN:79,(anonymous_9)
FN:86,(anonymous_10)
FN:108,(anonymous_11)
FN:119,(anonymous_12)
FN:135,(anonymous_13)
FN:170,(anonymous_14)
FN:193,(anonymous_15)
FN:251,(anonymous_16)
FN:274,(anonymous_17)
FN:279,(anonymous_18)
FN:290,(anonymous_19)
FN:302,(anonymous_20)
FN:315,(anonymous_21)
FN:316,(anonymous_22)
FN:318,(anonymous_23)
FNF:15
FNH:0
FNDA:0,(anonymous_9)
FNDA:0,(anonymous_10)
FNDA:0,(anonymous_11)
FNDA:0,(anonymous_12)
FNDA:0,(anonymous_13)
FNDA:0,(anonymous_14)
FNDA:0,(anonymous_15)
FNDA:0,(anonymous_16)
FNDA:0,(anonymous_17)
FNDA:0,(anonymous_18)
FNDA:0,(anonymous_19)
FNDA:0,(anonymous_20)
FNDA:0,(anonymous_21)
FNDA:0,(anonymous_22)
FNDA:0,(anonymous_23)
DA:7,0
DA:8,0
DA:9,0
DA:10,0
DA:11,0
DA:16,0
DA:17,0
DA:18,0
DA:19,0
DA:21,0
DA:23,0
DA:71,0
DA:80,0
DA:87,0
DA:89,0
DA:92,0
DA:95,0
DA:98,0
DA:101,0
DA:109,0
DA:111,0
DA:112,0
DA:115,0
DA:116,0
DA:119,0
DA:121,0
DA:122,0
DA:126,0
DA:127,0
DA:128,0
DA:136,0
DA:137,0
DA:138,0
DA:139,0
DA:140,0
DA:141,0
DA:142,0
DA:143,0
DA:144,0
DA:145,0
DA:147,0
DA:164,0
DA:172,0
DA:173,0
DA:177,0
DA:178,0
DA:182,0
DA:183,0
DA:187,0
DA:194,0
DA:195,0
DA:196,0
DA:197,0
DA:198,0
DA:201,0
DA:204,0
DA:205,0
DA:206,0
DA:207,0
DA:211,0
DA:213,0
DA:215,0
DA:217,0
DA:218,0
DA:220,0
DA:222,0
DA:223,0
DA:224,0
DA:227,0
DA:230,0
DA:231,0
DA:233,0
DA:235,0
DA:236,0
DA:239,0
DA:243,0
DA:244,0
DA:252,0
DA:254,0
DA:255,0
DA:256,0
DA:257,0
DA:258,0
DA:260,0
DA:268,0
DA:275,0
DA:277,0
DA:278,0
DA:279,0
DA:280,0
DA:281,0
DA:282,0
DA:283,0
DA:287,0
DA:288,0
DA:289,0
DA:290,0
DA:291,0
DA:295,0
DA:296,0
DA:303,0
DA:305,0
DA:306,0
DA:307,0
DA:309,0
DA:316,0
DA:318,0
DA:319,0
DA:320,0
DA:321,0
DA:324,0
DA:325,0
LF:112
LH:0
BRDA:111,0,0,0
BRDA:121,1,0,0
BRDA:127,2,0,0
BRDA:172,3,0,0
BRDA:177,4,0,0
BRDA:182,5,0,0
BRDA:204,6,0,0
BRDA:217,7,0,0
BRDA:217,7,1,0
BRDA:255,8,0,0
BRDA:256,9,0,0
BRDA:257,10,0,0
BRDA:258,11,0,0
BRDA:265,12,0,0
BRDA:265,12,1,0
BRDA:277,13,0,0
BRDA:277,14,0,0
BRDA:277,14,1,0
BRDA:287,15,0,0
BRDA:287,16,0,0
BRDA:287,16,1,0
BRDA:303,17,0,0
BRF:22
BRH:0
end_of_record
TN:
SF:src\commands\CleanCommand.ts
FN:100,(anonymous_9)
FN:107,(anonymous_10)
FN:126,(anonymous_11)
FN:137,(anonymous_12)
FN:147,(anonymous_13)
FN:193,(anonymous_14)
FN:243,(anonymous_15)
FN:274,(anonymous_16)
FN:280,(anonymous_17)
FN:319,(anonymous_18)
FN:326,(anonymous_19)
FN:329,(anonymous_20)
FN:340,(anonymous_21)
FN:350,(anonymous_22)
FN:384,(anonymous_23)
FN:410,(anonymous_24)
FN:433,(anonymous_25)
FNF:17
FNH:0
FNDA:0,(anonymous_9)
FNDA:0,(anonymous_10)
FNDA:0,(anonymous_11)
FNDA:0,(anonymous_12)
FNDA:0,(anonymous_13)
FNDA:0,(anonymous_14)
FNDA:0,(anonymous_15)
FNDA:0,(anonymous_16)
FNDA:0,(anonymous_17)
FNDA:0,(anonymous_18)
FNDA:0,(anonymous_19)
FNDA:0,(anonymous_20)
FNDA:0,(anonymous_21)
FNDA:0,(anonymous_22)
FNDA:0,(anonymous_23)
FNDA:0,(anonymous_24)
FNDA:0,(anonymous_25)
DA:7,0
DA:8,0
DA:9,0
DA:10,0
DA:15,0
DA:16,0
DA:17,0
DA:18,0
DA:20,0
DA:22,0
DA:61,0
DA:70,0
DA:81,0
DA:91,0
DA:101,0
DA:108,0
DA:110,0
DA:113,0
DA:116,0
DA:119,0
DA:127,0
DA:129,0
DA:130,0
DA:133,0
DA:134,0
DA:137,0
DA:139,0
DA:140,0
DA:148,0
DA:149,0
DA:150,0
DA:151,0
DA:152,0
DA:153,0
DA:154,0
DA:155,0
DA:156,0
DA:159,0
DA:161,0
DA:162,0
DA:167,0
DA:168,0
DA:169,0
DA:170,0
DA:171,0
DA:172,0
DA:173,0
DA:174,0
DA:177,0
DA:180,0
DA:194,0
DA:195,0
DA:196,0
DA:198,0
DA:199,0
DA:202,0
DA:206,0
DA:208,0
DA:209,0
DA:210,0
DA:212,0
DA:216,0
DA:217,0
DA:221,0
DA:222,0
DA:223,0
DA:224,0
DA:225,0
DA:230,0
DA:231,0
DA:232,0
DA:233,0
DA:236,0
DA:244,0
DA:246,0
DA:247,0
DA:250,0
DA:251,0
DA:252,0
DA:254,0
DA:255,0
DA:256,0
DA:257,0
DA:262,0
DA:263,0
DA:268,0
DA:275,0
DA:277,0
DA:278,0
DA:279,0
DA:280,0
DA:282,0
DA:283,0
DA:287,0
DA:288,0
DA:290,0
DA:292,0
DA:296,0
DA:297,0
DA:299,0
DA:302,0
DA:303,0
DA:304,0
DA:305,0
DA:308,0
DA:309,0
DA:313,0
DA:320,0
DA:321,0
DA:326,0
DA:327,0
DA:330,0
DA:331,0
DA:341,0
DA:342,0
DA:344,0
DA:345,0
DA:348,0
DA:349,0
DA:350,0
DA:351,0
DA:352,0
DA:355,0
DA:358,0
DA:359,0
DA:361,0
DA:362,0
DA:363,0
DA:367,0
DA:368,0
DA:369,0
DA:374,0
DA:375,0
DA:376,0
DA:377,0
DA:385,0
DA:387,0
DA:388,0
DA:390,0
DA:391,0
DA:392,0
DA:394,0
DA:395,0
DA:397,0
DA:404,0
DA:411,0
DA:413,0
DA:414,0
DA:415,0
DA:417,0
DA:418,0
DA:420,0
DA:427,0
DA:434,0
DA:436,0
DA:437,0
DA:438,0
DA:440,0
LF:158
LH:0
BRDA:129,0,0,0
BRDA:139,1,0,0
BRDA:161,2,0,0
BRDA:161,2,1,0
BRDA:167,3,0,0
BRDA:167,3,1,0
BRDA:169,4,0,0
BRDA:169,4,1,0
BRDA:171,5,0,0
BRDA:171,5,1,0
BRDA:173,6,0,0
BRDA:173,6,1,0
BRDA:194,7,0,0
BRDA:198,8,0,0
BRDA:208,9,0,0
BRDA:209,10,0,0
BRDA:216,11,0,0
BRDA:221,12,0,0
BRDA:221,13,0,0
BRDA:221,13,1,0
BRDA:223,14,0,0
BRDA:230,15,0,0
BRDA:230,15,1,0
BRDA:231,16,0,0
BRDA:250,17,0,0
BRDA:250,17,1,0
BRDA:256,18,0,0
BRDA:262,19,0,0
BRDA:277,20,0,0
BRDA:277,20,1,0
BRDA:282,21,0,0
BRDA:282,21,1,0
BRDA:283,22,0,0
BRDA:283,22,1,0
BRDA:288,23,0,0
BRDA:288,23,1,0
BRDA:308,24,0,0
BRDA:331,25,0,0
BRDA:331,25,1,0
BRDA:344,26,0,0
BRDA:351,27,0,0
BRDA:352,28,0,0
BRDA:352,28,1,0
BRDA:361,29,0,0
BRDA:361,30,0,0
BRDA:361,30,1,0
BRDA:367,31,0,0
BRDA:374,32,0,0
BRDA:394,33,0,0
BRDA:394,33,1,0
BRDA:417,34,0,0
BRDA:417,34,1,0
BRDA:434,35,0,0
BRF:53
BRH:0
end_of_record
TN:
SF:src\commands\DevCommand.ts
FN:83,(anonymous_9)
FN:90,(anonymous_10)
FN:112,(anonymous_11)
FN:123,(anonymous_12)
FN:133,(anonymous_13)
FN:195,(anonymous_14)
FN:220,(anonymous_15)
FN:246,(anonymous_16)
FN:275,(anonymous_17)
FN:312,(anonymous_18)
FN:336,(anonymous_19)
FN:348,(anonymous_20)
FN:366,(anonymous_21)
FN:367,(anonymous_22)
FN:379,(anonymous_23)
FN:380,(anonymous_24)
FN:386,(anonymous_25)
FN:387,(anonymous_26)
FNF:18
FNH:6
FNDA:17,(anonymous_9)
FNDA:1,(anonymous_10)
FNDA:1,(anonymous_11)
FNDA:0,(anonymous_12)
FNDA:2,(anonymous_13)
FNDA:2,(anonymous_14)
FNDA:2,(anonymous_15)
FNDA:0,(anonymous_16)
FNDA:0,(anonymous_17)
FNDA:0,(anonymous_18)
FNDA:0,(anonymous_19)
FNDA:0,(anonymous_20)
FNDA:0,(anonymous_21)
FNDA:0,(anonymous_22)
FNDA:0,(anonymous_23)
FNDA:0,(anonymous_24)
FNDA:0,(anonymous_25)
FNDA:0,(anonymous_26)
DA:5,1
DA:6,1
DA:7,1
DA:8,1
DA:9,1
DA:15,1
DA:16,17
DA:17,17
DA:18,17
DA:20,17
DA:22,17
DA:72,17
DA:84,17
DA:91,1
DA:93,1
DA:96,0
DA:99,0
DA:102,0
DA:105,1
DA:113,1
DA:115,1
DA:116,1
DA:119,0
DA:120,0
DA:123,0
DA:125,0
DA:126,0
DA:134,2
DA:135,2
DA:136,2
DA:137,2
DA:138,2
DA:139,2
DA:140,2
DA:141,2
DA:142,2
DA:143,2
DA:144,2
DA:146,2
DA:178,2
DA:179,0
DA:180,0
DA:184,2
DA:185,2
DA:186,0
DA:189,2
DA:196,2
DA:198,2
DA:199,2
DA:202,0
DA:204,0
DA:205,0
DA:208,0
DA:209,0
DA:210,0
DA:213,0
DA:221,2
DA:228,2
DA:229,8
DA:231,8
DA:232,2
DA:233,2
DA:235,2
DA:240,2
DA:248,0
DA:249,0
DA:253,0
DA:254,0
DA:258,0
DA:259,0
DA:263,0
DA:264,0
DA:267,0
DA:268,0
DA:276,0
DA:277,0
DA:278,0
DA:279,0
DA:280,0
DA:283,0
DA:286,0
DA:289,0
DA:291,0
DA:292,0
DA:294,0
DA:295,0
DA:296,0
DA:298,0
DA:301,0
DA:304,0
DA:305,0
DA:313,0
DA:315,0
DA:316,0
DA:317,0
DA:318,0
DA:319,0
DA:321,0
DA:330,0
DA:337,0
DA:339,0
DA:344,0
DA:345,0
DA:348,0
DA:349,0
DA:351,0
DA:352,0
DA:359,0
DA:360,0
DA:367,0
DA:368,0
DA:369,0
DA:371,0
DA:372,0
DA:375,0
DA:376,0
DA:379,0
DA:380,0
DA:387,0
LF:119
LH:46
BRDA:115,0,0,1
BRDA:125,1,0,0
BRDA:178,2,0,0
BRDA:185,3,0,0
BRDA:198,4,0,2
BRDA:204,5,0,0
BRDA:204,5,1,0
BRDA:210,6,0,0
BRDA:210,6,1,0
BRDA:231,7,0,2
BRDA:248,8,0,0
BRDA:248,9,0,0
BRDA:248,9,1,0
BRDA:253,10,0,0
BRDA:253,11,0,0
BRDA:253,11,1,0
BRDA:258,12,0,0
BRDA:263,13,0,0
BRDA:267,14,0,0
BRDA:316,15,0,0
BRDA:317,16,0,0
BRDA:318,17,0,0
BRDA:319,18,0,0
BRDA:325,19,0,0
BRDA:325,19,1,0
BRDA:344,20,0,0
BRDA:344,21,0,0
BRDA:344,21,1,0
BRDA:371,22,0,0
BRF:29
BRH:3
end_of_record
TN:
SF:src\commands\GenerateCommand.ts
FN:91,(anonymous_9)
FN:99,(anonymous_10)
FN:130,(anonymous_11)
FN:141,(anonymous_12)
FN:151,(anonymous_13)
FN:194,(anonymous_14)
FN:195,(anonymous_15)
FN:206,(anonymous_16)
FN:235,(anonymous_17)
FN:254,(anonymous_18)
FN:262,(anonymous_19)
FN:270,(anonymous_20)
FN:279,(anonymous_21)
FN:289,(anonymous_22)
FNF:14
FNH:4
FNDA:17,(anonymous_9)
FNDA:10,(anonymous_10)
FNDA:2,(anonymous_11)
FNDA:0,(anonymous_12)
FNDA:2,(anonymous_13)
FNDA:0,(anonymous_14)
FNDA:0,(anonymous_15)
FNDA:0,(anonymous_16)
FNDA:0,(anonymous_17)
FNDA:0,(anonymous_18)
FNDA:0,(anonymous_19)
FNDA:0,(anonymous_20)
FNDA:0,(anonymous_21)
FNDA:0,(anonymous_22)
DA:5,1
DA:6,1
DA:7,1
DA:8,1
DA:9,1
DA:14,1
DA:15,17
DA:16,17
DA:17,17
DA:19,17
DA:32,17
DA:80,17
DA:92,17
DA:93,17
DA:100,10
DA:102,10
DA:105,8
DA:108,8
DA:111,7
DA:112,1
DA:113,1
DA:117,6
DA:120,6
DA:123,3
DA:131,2
DA:133,2
DA:134,1
DA:137,1
DA:138,1
DA:141,0
DA:143,1
DA:144,1
DA:152,2
DA:153,2
DA:156,2
DA:157,1
DA:165,2
DA:166,0
DA:170,2
DA:171,2
DA:174,2
DA:178,2
DA:179,2
DA:180,2
DA:181,2
DA:182,2
DA:183,2
DA:184,2
DA:185,2
DA:186,2
DA:188,2
DA:194,0
DA:195,0
DA:208,0
DA:209,0
DA:213,0
DA:214,0
DA:218,0
DA:219,0
DA:223,0
DA:224,0
DA:227,0
DA:228,0
DA:236,0
DA:238,0
DA:240,0
DA:241,0
DA:242,0
DA:243,0
DA:247,0
DA:248,0
DA:255,0
DA:256,0
DA:257,0
DA:258,0
DA:261,0
DA:262,0
DA:268,0
DA:269,0
DA:270,0
DA:277,0
DA:278,0
DA:279,0
DA:290,0
DA:291,0
DA:292,0
DA:294,0
DA:296,0
DA:297,0
DA:302,0
DA:303,0
DA:308,0
DA:309,0
DA:315,0
DA:316,0
LF:95
LH:49
BRDA:111,0,0,1
BRDA:133,1,0,1
BRDA:143,2,0,1
BRDA:153,3,0,2
BRDA:153,3,1,2
BRDA:156,4,0,1
BRDA:165,5,0,0
BRDA:170,6,0,2
BRDA:171,7,0,2
BRDA:171,7,1,0
BRDA:172,8,0,0
BRDA:172,8,1,0
BRDA:180,9,0,2
BRDA:180,9,1,2
BRDA:194,10,0,0
BRDA:194,10,1,2
BRDA:195,11,0,0
BRDA:195,11,1,2
BRDA:208,12,0,0
BRDA:208,13,0,0
BRDA:208,13,1,0
BRDA:213,14,0,0
BRDA:218,15,0,0
BRDA:223,16,0,0
BRDA:223,17,0,0
BRDA:223,17,1,0
BRDA:227,18,0,0
BRDA:227,19,0,0
BRDA:227,19,1,0
BRDA:242,20,0,0
BRDA:257,21,0,0
BRDA:257,21,1,0
BRDA:268,22,0,0
BRDA:277,23,0,0
BRDA:296,24,0,0
BRDA:296,24,1,0
BRDA:302,25,0,0
BRDA:302,25,1,0
BRDA:308,26,0,0
BRF:39
BRH:12
end_of_record
TN:
SF:src\commands\HelpCommand.ts
FN:12,(anonymous_1)
FN:41,(anonymous_2)
FN:57,(anonymous_3)
FN:68,(anonymous_4)
FN:113,(anonymous_5)
FN:166,(anonymous_6)
FNF:6
FNH:0
FNDA:0,(anonymous_1)
FNDA:0,(anonymous_2)
FNDA:0,(anonymous_3)
FNDA:0,(anonymous_4)
FNDA:0,(anonymous_5)
FNDA:0,(anonymous_6)
DA:5,0
DA:6,0
DA:12,0
DA:13,0
DA:14,0
DA:15,0
DA:17,0
DA:25,0
DA:31,0
DA:42,0
DA:43,0
DA:45,0
DA:46,0
DA:47,0
DA:48,0
DA:50,0
DA:60,0
DA:61,0
DA:62,0
DA:69,0
DA:70,0
DA:72,0
DA:99,0
DA:100,0
DA:101,0
DA:102,0
DA:104,0
DA:107,0
DA:114,0
DA:115,0
DA:117,0
DA:118,0
DA:121,0
DA:122,0
DA:123,0
DA:126,0
DA:127,0
DA:136,0
DA:137,0
DA:139,0
DA:142,0
DA:143,0
DA:151,0
DA:152,0
DA:154,0
DA:157,0
DA:158,0
DA:166,0
DA:167,0
DA:170,0
DA:171,0
DA:172,0
DA:173,0
DA:175,0
DA:176,0
DA:177,0
DA:179,0
DA:180,0
DA:181,0
DA:184,0
DA:185,0
DA:191,0
DA:194,0
DA:195,0
LF:64
LH:0
BRDA:45,0,0,0
BRDA:45,0,1,0
BRDA:47,1,0,0
BRDA:47,1,1,0
BRF:4
BRH:0
end_of_record
TN:
SF:src\commands\InfoCommand.ts
FN:46,(anonymous_10)
FN:55,(anonymous_11)
FN:85,(anonymous_12)
FN:117,(anonymous_13)
FN:163,(anonymous_14)
FN:192,(anonymous_15)
FN:198,(anonymous_16)
FN:204,(anonymous_17)
FN:245,(anonymous_18)
FN:251,(anonymous_19)
FN:252,(anonymous_20)
FN:253,(anonymous_21)
FN:269,(anonymous_22)
FN:297,(anonymous_23)
FN:357,(anonymous_24)
FNF:15
FNH:0
FNDA:0,(anonymous_10)
FNDA:0,(anonymous_11)
FNDA:0,(anonymous_12)
FNDA:0,(anonymous_13)
FNDA:0,(anonymous_14)
FNDA:0,(anonymous_15)
FNDA:0,(anonymous_16)
FNDA:0,(anonymous_17)
FNDA:0,(anonymous_18)
FNDA:0,(anonymous_19)
FNDA:0,(anonymous_20)
FNDA:0,(anonymous_21)
FNDA:0,(anonymous_22)
FNDA:0,(anonymous_23)
FNDA:0,(anonymous_24)
DA:5,0
DA:6,0
DA:7,0
DA:8,0
DA:10,0
DA:11,0
DA:16,0
DA:17,0
DA:18,0
DA:19,0
DA:21,0
DA:36,0
DA:47,0
DA:48,0
DA:49,0
DA:56,0
DA:57,0
DA:58,0
DA:61,0
DA:62,0
DA:64,0
DA:65,0
DA:66,0
DA:67,0
DA:68,0
DA:69,0
DA:73,0
DA:74,0
DA:77,0
DA:78,0
DA:86,0
DA:87,0
DA:88,0
DA:89,0
DA:92,0
DA:93,0
DA:94,0
DA:97,0
DA:99,0
DA:118,0
DA:119,0
DA:122,0
DA:123,0
DA:129,0
DA:132,0
DA:135,0
DA:138,0
DA:141,0
DA:143,0
DA:164,0
DA:165,0
DA:168,0
DA:169,0
DA:170,0
DA:171,0
DA:172,0
DA:174,0
DA:182,0
DA:193,0
DA:198,0
DA:205,0
DA:208,0
DA:209,0
DA:210,0
DA:211,0
DA:212,0
DA:213,0
DA:214,0
DA:220,0
DA:231,0
DA:232,0
DA:233,0
DA:234,0
DA:235,0
DA:239,0
DA:246,0
DA:247,0
DA:248,0
DA:251,0
DA:252,0
DA:253,0
DA:255,0
DA:262,0
DA:270,0
DA:272,0
DA:280,0
DA:281,0
DA:282,0
DA:283,0
DA:284,0
DA:286,0
DA:288,0
DA:289,0
DA:290,0
DA:298,0
DA:299,0
DA:300,0
DA:303,0
DA:306,0
DA:316,0
DA:317,0
DA:318,0
DA:322,0
DA:323,0
DA:324,0
DA:325,0
DA:327,0
DA:338,0
DA:339,0
DA:340,0
DA:342,0
DA:343,0
DA:344,0
DA:346,0
DA:350,0
DA:351,0
DA:355,0
DA:356,0
DA:357,0
LF:119
LH:0
BRDA:64,0,0,0
BRDA:66,1,0,0
BRDA:66,2,0,0
BRDA:66,2,1,0
BRDA:67,3,0,0
BRDA:67,4,0,0
BRDA:67,4,1,0
BRDA:73,5,0,0
BRDA:73,6,0,0
BRDA:73,6,1,0
BRDA:77,7,0,0
BRDA:77,8,0,0
BRDA:77,8,1,0
BRDA:89,9,0,0
BRDA:89,9,1,0
BRDA:89,9,2,0
BRDA:122,10,0,0
BRDA:154,11,0,0
BRDA:154,11,1,0
BRDA:155,12,0,0
BRDA:155,12,1,0
BRDA:156,13,0,0
BRDA:156,13,1,0
BRDA:164,14,0,0
BRDA:211,15,0,0
BRDA:213,16,0,0
BRDA:234,17,0,0
BRDA:253,18,0,0
BRDA:253,18,1,0
BRDA:282,19,0,0
BRDA:283,20,0,0
BRDA:284,21,0,0
BRDA:288,22,0,0
BRDA:298,23,0,0
BRDA:307,24,0,0
BRDA:307,24,1,0
BRDA:308,25,0,0
BRDA:308,25,1,0
BRDA:309,26,0,0
BRDA:309,26,1,0
BRDA:310,27,0,0
BRDA:310,27,1,0
BRDA:311,28,0,0
BRDA:311,28,1,0
BRDA:316,29,0,0
BRDA:322,30,0,0
BRDA:324,31,0,0
BRDA:324,31,1,0
BRDA:329,32,0,0
BRDA:329,32,1,0
BRDA:340,33,0,0
BRDA:343,34,0,0
BRDA:343,34,1,0
BRDA:350,35,0,0
BRDA:355,36,0,0
BRF:55
BRH:0
end_of_record
TN:
SF:src\commands\InitCommand.ts
FN:86,(anonymous_9)
FN:96,(anonymous_10)
FN:118,(anonymous_11)
FN:164,(anonymous_12)
FN:188,(anonymous_13)
FN:198,(anonymous_14)
FN:206,(anonymous_15)
FN:215,(anonymous_16)
FN:225,(anonymous_17)
FN:238,(anonymous_18)
FN:246,(anonymous_19)
FN:266,(anonymous_20)
FNF:12
FNH:12
FNDA:20,(anonymous_9)
FNDA:25,(anonymous_10)
FNDA:25,(anonymous_11)
FNDA:23,(anonymous_12)
FNDA:19,(anonymous_13)
FNDA:19,(anonymous_14)
FNDA:15,(anonymous_15)
FNDA:15,(anonymous_16)
FNDA:15,(anonymous_17)
FNDA:15,(anonymous_18)
FNDA:22,(anonymous_19)
FNDA:17,(anonymous_20)
DA:5,1
DA:6,1
DA:7,1
DA:8,1
DA:9,1
DA:10,1
DA:11,1
DA:16,1
DA:17,20
DA:18,20
DA:19,20
DA:21,20
DA:29,20
DA:75,20
DA:87,20
DA:88,20
DA:89,20
DA:90,20
DA:97,25
DA:99,25
DA:102,23
DA:105,19
DA:108,17
DA:111,8
DA:119,25
DA:122,25
DA:123,1
DA:127,24
DA:130,24
DA:131,1
DA:132,1
DA:136,23
DA:137,23
DA:138,23
DA:139,23
DA:140,23
DA:141,23
DA:142,23
DA:143,23
DA:144,23
DA:146,23
DA:166,23
DA:167,0
DA:171,23
DA:172,3
DA:176,20
DA:177,20
DA:178,2
DA:179,2
DA:180,1
DA:189,19
DA:191,19
DA:192,19
DA:193,19
DA:194,19
DA:197,19
DA:198,19
DA:204,17
DA:205,15
DA:206,15
DA:213,17
DA:214,15
DA:215,15
DA:226,15
DA:227,15
DA:230,15
DA:231,15
DA:239,15
DA:240,15
DA:247,22
DA:248,22
DA:249,22
DA:251,22
DA:252,22
DA:253,0
DA:254,0
DA:260,0
DA:267,17
DA:269,17
DA:270,17
DA:271,17
DA:273,17
DA:274,17
DA:281,17
DA:282,17
LF:85
LH:81
BRDA:122,0,0,1
BRDA:130,1,0,1
BRDA:136,2,0,23
BRDA:136,2,1,22
BRDA:137,3,0,23
BRDA:137,3,1,22
BRDA:138,4,0,23
BRDA:138,4,1,22
BRDA:166,5,0,0
BRDA:166,6,0,23
BRDA:166,6,1,23
BRDA:171,7,0,3
BRDA:176,8,0,20
BRDA:176,8,1,0
BRDA:177,9,0,2
BRDA:179,10,0,1
BRDA:189,11,0,19
BRDA:189,11,1,0
BRDA:204,12,0,15
BRDA:213,13,0,15
BRDA:226,14,0,15
BRDA:251,15,0,22
BRDA:251,15,1,0
BRDA:251,16,0,22
BRDA:251,16,1,22
BRDA:253,17,0,0
BRDA:267,18,0,17
BRDA:267,18,1,0
BRF:28
BRH:22
end_of_record
TN:
SF:src\commands\LintCommand.ts
FN:89,(anonymous_9)
FN:96,(anonymous_10)
FN:115,(anonymous_11)
FN:126,(anonymous_12)
FN:136,(anonymous_13)
FN:168,(anonymous_14)
FN:225,(anonymous_15)
FN:257,(anonymous_16)
FN:275,(anonymous_17)
FN:293,(anonymous_18)
FN:311,(anonymous_19)
FN:352,(anonymous_20)
FN:364,(anonymous_21)
FN:376,(anonymous_22)
FN:388,(anonymous_23)
FN:389,(anonymous_24)
FN:395,(anonymous_25)
FN:399,(anonymous_26)
FNF:18
FNH:0
FNDA:0,(anonymous_9)
FNDA:0,(anonymous_10)
FNDA:0,(anonymous_11)
FNDA:0,(anonymous_12)
FNDA:0,(anonymous_13)
FNDA:0,(anonymous_14)
FNDA:0,(anonymous_15)
FNDA:0,(anonymous_16)
FNDA:0,(anonymous_17)
FNDA:0,(anonymous_18)
FNDA:0,(anonymous_19)
FNDA:0,(anonymous_20)
FNDA:0,(anonymous_21)
FNDA:0,(anonymous_22)
FNDA:0,(anonymous_23)
FNDA:0,(anonymous_24)
FNDA:0,(anonymous_25)
FNDA:0,(anonymous_26)
DA:7,0
DA:8,0
DA:9,0
DA:10,0
DA:11,0
DA:16,0
DA:17,0
DA:18,0
DA:19,0
DA:21,0
DA:29,0
DA:80,0
DA:90,0
DA:97,0
DA:99,0
DA:102,0
DA:105,0
DA:108,0
DA:116,0
DA:118,0
DA:119,0
DA:122,0
DA:123,0
DA:126,0
DA:128,0
DA:129,0
DA:137,0
DA:138,0
DA:139,0
DA:140,0
DA:141,0
DA:142,0
DA:143,0
DA:144,0
DA:145,0
DA:146,0
DA:147,0
DA:149,0
DA:169,0
DA:170,0
DA:171,0
DA:172,0
DA:175,0
DA:177,0
DA:179,0
DA:181,0
DA:182,0
DA:183,0
DA:184,0
DA:188,0
DA:189,0
DA:190,0
DA:191,0
DA:192,0
DA:193,0
DA:198,0
DA:199,0
DA:200,0
DA:201,0
DA:202,0
DA:203,0
DA:207,0
DA:209,0
DA:210,0
DA:211,0
DA:213,0
DA:217,0
DA:218,0
DA:226,0
DA:228,0
DA:229,0
DA:230,0
DA:231,0
DA:232,0
DA:234,0
DA:242,0
DA:243,0
DA:246,0
DA:247,0
DA:250,0
DA:251,0
DA:258,0
DA:259,0
DA:260,0
DA:262,0
DA:264,0
DA:267,0
DA:268,0
DA:276,0
DA:277,0
DA:278,0
DA:280,0
DA:282,0
DA:285,0
DA:286,0
DA:294,0
DA:295,0
DA:296,0
DA:298,0
DA:300,0
DA:303,0
DA:304,0
DA:312,0
DA:315,0
DA:318,0
DA:319,0
DA:322,0
DA:323,0
DA:326,0
DA:327,0
DA:330,0
DA:331,0
DA:334,0
DA:336,0
DA:337,0
DA:340,0
DA:341,0
DA:344,0
DA:346,0
DA:353,0
DA:354,0
DA:355,0
DA:358,0
DA:365,0
DA:366,0
DA:367,0
DA:370,0
DA:377,0
DA:378,0
DA:379,0
DA:382,0
DA:389,0
DA:390,0
DA:395,0
DA:396,0
DA:399,0
DA:400,0
LF:137
LH:0
BRDA:118,0,0,0
BRDA:128,1,0,0
BRDA:137,2,0,0
BRDA:137,2,1,0
BRDA:139,3,0,0
BRDA:139,3,1,0
BRDA:183,4,0,0
BRDA:188,5,0,0
BRDA:192,6,0,0
BRDA:198,7,0,0
BRDA:202,8,0,0
BRDA:209,9,0,0
BRDA:209,9,1,0
BRDA:229,10,0,0
BRDA:230,11,0,0
BRDA:231,12,0,0
BRDA:232,13,0,0
BRDA:239,14,0,0
BRDA:239,14,1,0
BRDA:242,15,0,0
BRDA:246,16,0,0
BRDA:318,17,0,0
BRDA:322,18,0,0
BRDA:326,19,0,0
BRDA:330,20,0,0
BRDA:336,21,0,0
BRDA:340,22,0,0
BRDA:354,23,0,0
BRDA:366,24,0,0
BRDA:378,25,0,0
BRDA:396,26,0,0
BRDA:396,26,1,0
BRF:32
BRH:0
end_of_record
TN:
SF:src\commands\TestCommand.ts
FN:88,(anonymous_9)
FN:95,(anonymous_10)
FN:114,(anonymous_11)
FN:125,(anonymous_12)
FN:138,(anonymous_13)
FN:150,(anonymous_14)
FN:184,(anonymous_15)
FN:224,(anonymous_16)
FN:259,(anonymous_17)
FN:320,(anonymous_18)
FN:344,(anonymous_19)
FN:345,(anonymous_20)
FN:355,(anonymous_21)
FN:359,(anonymous_22)
FN:364,(anonymous_23)
FN:368,(anonymous_24)
FNF:16
FNH:0
FNDA:0,(anonymous_9)
FNDA:0,(anonymous_10)
FNDA:0,(anonymous_11)
FNDA:0,(anonymous_12)
FNDA:0,(anonymous_13)
FNDA:0,(anonymous_14)
FNDA:0,(anonymous_15)
FNDA:0,(anonymous_16)
FNDA:0,(anonymous_17)
FNDA:0,(anonymous_18)
FNDA:0,(anonymous_19)
FNDA:0,(anonymous_20)
FNDA:0,(anonymous_21)
FNDA:0,(anonymous_22)
FNDA:0,(anonymous_23)
FNDA:0,(anonymous_24)
DA:7,0
DA:8,0
DA:9,0
DA:10,0
DA:11,0
DA:16,0
DA:17,0
DA:18,0
DA:19,0
DA:21,0
DA:29,0
DA:79,0
DA:89,0
DA:96,0
DA:98,0
DA:101,0
DA:104,0
DA:107,0
DA:115,0
DA:117,0
DA:118,0
DA:121,0
DA:122,0
DA:125,0
DA:127,0
DA:128,0
DA:132,0
DA:138,0
DA:139,0
DA:142,0
DA:143,0
DA:151,0
DA:152,0
DA:153,0
DA:154,0
DA:155,0
DA:156,0
DA:157,0
DA:158,0
DA:159,0
DA:160,0
DA:161,0
DA:162,0
DA:164,0
DA:185,0
DA:186,0
DA:187,0
DA:188,0
DA:191,0
DA:194,0
DA:196,0
DA:198,0
DA:200,0
DA:201,0
DA:204,0
DA:206,0
DA:207,0
DA:208,0
DA:210,0
DA:211,0
DA:212,0
DA:216,0
DA:217,0
DA:225,0
DA:227,0
DA:228,0
DA:229,0
DA:230,0
DA:231,0
DA:232,0
DA:234,0
DA:240,0
DA:241,0
DA:244,0
DA:245,0
DA:248,0
DA:249,0
DA:252,0
DA:253,0
DA:260,0
DA:263,0
DA:264,0
DA:268,0
DA:269,0
DA:272,0
DA:273,0
DA:276,0
DA:277,0
DA:280,0
DA:281,0
DA:284,0
DA:285,0
DA:288,0
DA:289,0
DA:292,0
DA:293,0
DA:296,0
DA:297,0
DA:300,0
DA:301,0
DA:304,0
DA:305,0
DA:309,0
DA:312,0
DA:314,0
DA:322,0
DA:323,0
DA:324,0
DA:328,0
DA:329,0
DA:330,0
DA:331,0
DA:332,0
DA:338,0
DA:345,0
DA:346,0
DA:355,0
DA:356,0
DA:359,0
DA:360,0
DA:364,0
DA:365,0
DA:368,0
DA:369,0
LF:124
LH:0
BRDA:117,0,0,0
BRDA:127,1,0,0
BRDA:142,2,0,0
BRDA:142,3,0,0
BRDA:142,3,1,0
BRDA:206,4,0,0
BRDA:206,4,1,0
BRDA:228,5,0,0
BRDA:229,6,0,0
BRDA:230,7,0,0
BRDA:231,8,0,0
BRDA:232,9,0,0
BRDA:237,10,0,0
BRDA:237,10,1,0
BRDA:240,11,0,0
BRDA:244,12,0,0
BRDA:248,13,0,0
BRDA:263,14,0,0
BRDA:268,15,0,0
BRDA:272,16,0,0
BRDA:276,17,0,0
BRDA:280,18,0,0
BRDA:284,19,0,0
BRDA:288,20,0,0
BRDA:292,21,0,0
BRDA:296,22,0,0
BRDA:300,23,0,0
BRDA:304,24,0,0
BRDA:323,25,0,0
BRDA:331,26,0,0
BRDA:356,27,0,0
BRDA:356,27,1,0
BRF:32
BRH:0
end_of_record
TN:
SF:src\core\CLIApplication.ts
FN:28,(anonymous_1)
FN:50,(anonymous_2)
FN:70,(anonymous_3)
FN:82,(anonymous_4)
FN:91,(anonymous_5)
FN:137,(anonymous_6)
FN:140,(anonymous_7)
FN:147,(anonymous_8)
FN:179,(anonymous_9)
FN:274,(anonymous_10)
FN:295,(anonymous_11)
FN:310,(anonymous_12)
FN:324,(anonymous_13)
FN:338,(anonymous_14)
FN:345,(anonymous_15)
FN:352,(anonymous_16)
FN:359,(anonymous_17)
FN:366,(anonymous_18)
FN:368,(anonymous_19)
FNF:19
FNH:13
FNDA:13,(anonymous_1)
FNDA:13,(anonymous_2)
FNDA:0,(anonymous_3)
FNDA:13,(anonymous_4)
FNDA:14,(anonymous_5)
FNDA:0,(anonymous_6)
FNDA:0,(anonymous_7)
FNDA:0,(anonymous_8)
FNDA:8,(anonymous_9)
FNDA:2,(anonymous_10)
FNDA:2,(anonymous_11)
FNDA:1,(anonymous_12)
FNDA:1,(anonymous_13)
FNDA:2,(anonymous_14)
FNDA:3,(anonymous_15)
FNDA:1,(anonymous_16)
FNDA:2,(anonymous_17)
FNDA:0,(anonymous_18)
FNDA:0,(anonymous_19)
DA:5,1
DA:6,1
DA:7,1
DA:17,1
DA:18,1
DA:23,1
DA:26,13
DA:28,13
DA:29,13
DA:32,13
DA:33,13
DA:36,13
DA:43,13
DA:44,13
DA:51,13
DA:59,13
DA:60,13
DA:61,13
DA:70,13
DA:71,0
DA:72,0
DA:73,0
DA:75,0
DA:83,13
DA:84,13
DA:92,14
DA:97,14
DA:98,13
DA:99,13
DA:104,14
DA:105,13
DA:106,12
DA:107,12
DA:108,12
DA:113,14
DA:114,13
DA:115,12
DA:116,0
DA:125,12
DA:135,14
DA:136,13
DA:137,13
DA:138,0
DA:139,0
DA:140,0
DA:142,0
DA:147,14
DA:148,0
DA:149,0
DA:151,0
DA:153,0
DA:157,0
DA:163,0
DA:168,14
DA:169,14
DA:170,13
DA:171,13
DA:180,8
DA:182,8
DA:183,1
DA:187,8
DA:190,8
DA:191,8
DA:194,8
DA:195,1
DA:196,1
DA:199,7
DA:200,1
DA:201,1
DA:202,1
DA:203,1
DA:204,2
DA:205,1
DA:208,1
DA:211,6
DA:213,6
DA:215,5
DA:216,5
DA:219,5
DA:220,6
DA:221,6
DA:222,2
DA:223,2
DA:224,2
DA:225,1
DA:226,1
DA:228,1
DA:230,4
DA:231,0
DA:232,0
DA:233,0
DA:234,0
DA:235,0
DA:237,0
DA:241,4
DA:245,5
DA:250,4
DA:253,1
DA:257,0
DA:259,2
DA:262,2
DA:263,0
DA:266,2
DA:275,2
DA:277,2
DA:278,1
DA:280,1
DA:281,1
DA:284,1
DA:286,1
DA:287,0
DA:292,2
DA:293,1
DA:294,1
DA:295,2
DA:298,1
DA:299,2
DA:300,2
DA:303,1
DA:311,1
DA:313,1
DA:314,1
DA:315,1
DA:316,1
DA:317,1
DA:318,1
DA:325,1
DA:339,2
DA:346,3
DA:353,1
DA:360,2
DA:361,2
DA:362,1
DA:366,1
DA:367,1
DA:368,0
DA:372,1
DA:373,1
DA:374,1
DA:375,1
DA:379,1
LF:141
LH:116
BRDA:32,0,0,13
BRDA:59,1,0,13
BRDA:71,2,0,0
BRDA:73,3,0,0
BRDA:73,3,1,0
BRDA:97,4,0,13
BRDA:104,5,0,13
BRDA:106,6,0,12
BRDA:106,6,1,0
BRDA:107,7,0,0
BRDA:107,7,1,12
BRDA:113,8,0,13
BRDA:115,9,0,0
BRDA:115,9,1,12
BRDA:135,10,0,13
BRDA:153,11,0,0
BRDA:153,11,1,0
BRDA:153,12,0,0
BRDA:153,12,1,0
BRDA:155,13,0,0
BRDA:155,13,1,0
BRDA:169,14,0,13
BRDA:182,15,0,1
BRDA:187,16,0,8
BRDA:187,16,1,8
BRDA:190,17,0,8
BRDA:190,18,0,8
BRDA:190,18,1,8
BRDA:194,19,0,1
BRDA:194,20,0,8
BRDA:194,20,1,7
BRDA:199,21,0,1
BRDA:199,22,0,7
BRDA:199,22,1,6
BRDA:199,22,2,6
BRDA:204,23,0,1
BRDA:213,24,0,5
BRDA:213,24,1,1
BRDA:221,25,0,2
BRDA:221,25,1,4
BRDA:224,26,0,1
BRDA:224,26,1,1
BRDA:224,27,0,2
BRDA:224,27,1,1
BRDA:230,28,0,0
BRDA:230,28,1,4
BRDA:230,29,0,4
BRDA:230,29,1,0
BRDA:233,30,0,0
BRDA:233,30,1,0
BRDA:233,31,0,0
BRDA:233,31,1,0
BRDA:262,32,0,0
BRDA:262,32,1,2
BRDA:263,33,0,0
BRDA:263,33,1,0
BRDA:277,34,0,1
BRDA:277,34,1,1
BRDA:280,35,0,1
BRDA:286,36,0,0
BRDA:287,37,0,0
BRDA:287,37,1,0
BRDA:292,38,0,1
BRDA:327,39,0,1
BRDA:327,39,1,1
BRDA:331,40,0,1
BRDA:331,40,1,0
BRDA:331,40,2,0
BRDA:361,41,0,1
BRDA:367,42,0,0
BRDA:373,43,0,1
BRF:71
BRH:44
end_of_record
TN:
SF:src\core\Logger.ts
FN:14,(anonymous_1)
FN:21,(anonymous_2)
FN:28,(anonymous_3)
FN:35,(anonymous_4)
FN:42,(anonymous_5)
FN:49,(anonymous_6)
FN:58,(anonymous_7)
FN:65,(anonymous_8)
FN:76,(anonymous_9)
FN:85,(anonymous_10)
FN:94,(anonymous_11)
FN:103,(anonymous_12)
FN:104,(anonymous_13)
FN:116,(anonymous_14)
FN:125,(anonymous_15)
FN:138,(anonymous_16)
FN:140,(anonymous_17)
FN:155,(anonymous_18)
FN:165,(anonymous_19)
FN:174,(anonymous_20)
FN:181,(anonymous_21)
FN:188,(anonymous_22)
FN:195,(anonymous_23)
FN:204,(anonymous_24)
FN:217,(anonymous_25)
FN:224,(anonymous_26)
FNF:26
FNH:10
FNDA:33,(anonymous_1)
FNDA:59,(anonymous_2)
FNDA:0,(anonymous_3)
FNDA:2,(anonymous_4)
FNDA:17,(anonymous_5)
FNDA:1,(anonymous_6)
FNDA:0,(anonymous_7)
FNDA:0,(anonymous_8)
FNDA:19,(anonymous_9)
FNDA:17,(anonymous_10)
FNDA:0,(anonymous_11)
FNDA:0,(anonymous_12)
FNDA:0,(anonymous_13)
FNDA:0,(anonymous_14)
FNDA:0,(anonymous_15)
FNDA:0,(anonymous_16)
FNDA:0,(anonymous_17)
FNDA:68,(anonymous_18)
FNDA:17,(anonymous_19)
FNDA:0,(anonymous_20)
FNDA:0,(anonymous_21)
FNDA:70,(anonymous_22)
FNDA:0,(anonymous_23)
FNDA:0,(anonymous_24)
FNDA:0,(anonymous_25)
FNDA:0,(anonymous_26)
DA:5,2
DA:11,2
DA:15,33
DA:22,59
DA:29,0
DA:36,2
DA:43,17
DA:50,1
DA:51,0
DA:59,0
DA:66,0
DA:67,0
DA:68,0
DA:70,0
DA:77,19
DA:78,19
DA:79,19
DA:86,17
DA:87,17
DA:88,17
DA:95,0
DA:96,0
DA:104,0
DA:105,0
DA:107,0
DA:108,0
DA:109,0
DA:117,0
DA:118,0
DA:119,0
DA:126,0
DA:127,0
DA:129,0
DA:130,0
DA:132,0
DA:139,0
DA:140,0
DA:142,0
DA:144,0
DA:145,0
DA:146,0
DA:149,0
DA:156,68
DA:157,68
DA:158,68
DA:166,17
DA:167,68
DA:175,0
DA:182,0
DA:189,70
DA:196,0
DA:197,0
DA:205,0
DA:206,0
DA:207,0
DA:209,0
DA:210,0
DA:211,0
DA:218,0
DA:225,0
LF:60
LH:19
BRDA:15,0,0,33
BRDA:15,0,1,32
BRDA:50,1,0,0
BRDA:67,2,0,0
BRDA:94,3,0,0
BRDA:103,4,0,0
BRDA:125,5,0,0
BRDA:157,6,0,68
BRDA:181,7,0,0
BRDA:181,8,0,0
BRDA:204,9,0,0
BRF:11
BRH:3
end_of_record
TN:
SF:src\core\MPLPEventManager.ts
FN:46,(anonymous_0)
FN:54,(anonymous_1)
FN:65,(anonymous_2)
FN:68,(anonymous_3)
FN:83,(anonymous_4)
FN:97,(anonymous_5)
FN:111,(anonymous_6)
FN:121,(anonymous_7)
FN:123,(anonymous_8)
FN:129,(anonymous_9)
FN:142,(anonymous_10)
FN:155,(anonymous_11)
FN:161,(anonymous_12)
FN:169,(anonymous_13)
FN:176,(anonymous_14)
FNF:15
FNH:2
FNDA:20,(anonymous_0)
FNDA:0,(anonymous_1)
FNDA:4,(anonymous_2)
FNDA:0,(anonymous_3)
FNDA:0,(anonymous_4)
FNDA:0,(anonymous_5)
FNDA:0,(anonymous_6)
FNDA:0,(anonymous_7)
FNDA:0,(anonymous_8)
FNDA:0,(anonymous_9)
FNDA:0,(anonymous_10)
FNDA:0,(anonymous_11)
FNDA:0,(anonymous_12)
FNDA:0,(anonymous_13)
FNDA:0,(anonymous_14)
DA:46,7
DA:47,20
DA:48,20
DA:49,20
DA:55,0
DA:56,0
DA:58,0
DA:59,0
DA:66,4
DA:67,4
DA:68,0
DA:69,0
DA:70,0
DA:72,0
DA:75,0
DA:77,4
DA:84,0
DA:85,0
DA:86,0
DA:87,0
DA:88,0
DA:91,0
DA:98,0
DA:99,0
DA:100,0
DA:102,0
DA:103,0
DA:105,0
DA:112,0
DA:113,0
DA:115,0
DA:122,0
DA:123,0
DA:130,0
DA:131,0
DA:132,0
DA:133,0
DA:134,0
DA:143,0
DA:157,0
DA:160,0
DA:161,0
DA:162,0
DA:170,0
DA:177,0
LF:45
LH:7
BRDA:55,0,0,0
BRDA:67,1,0,0
BRDA:67,2,0,4
BRDA:67,2,1,0
BRDA:85,3,0,0
BRDA:87,4,0,0
BRDA:98,5,0,0
BRDA:98,5,1,0
BRDA:112,6,0,0
BRDA:122,7,0,0
BRDA:122,7,1,0
BRDA:131,8,0,0
BRDA:133,9,0,0
BRF:13
BRH:1
end_of_record
TN:
SF:src\core\Spinner.ts
FN:15,(anonymous_1)
FN:26,(anonymous_2)
FN:36,(anonymous_3)
FN:43,(anonymous_4)
FN:50,(anonymous_5)
FN:57,(anonymous_6)
FN:64,(anonymous_7)
FN:71,(anonymous_8)
FN:75,(anonymous_9)
FN:82,(anonymous_10)
FN:89,(anonymous_11)
FN:96,(anonymous_12)
FN:103,(anonymous_13)
FN:110,(anonymous_14)
FN:117,(anonymous_15)
FN:129,(anonymous_16)
FN:140,(anonymous_17)
FN:147,(anonymous_18)
FN:157,(anonymous_19)
FN:175,(anonymous_20)
FN:184,(anonymous_21)
FN:191,(anonymous_22)
FN:200,(anonymous_23)
FN:207,(anonymous_24)
FN:214,(anonymous_25)
FN:222,(anonymous_26)
FN:229,(anonymous_27)
FN:243,(anonymous_28)
FN:253,(anonymous_29)
FN:264,(anonymous_30)
FN:275,(anonymous_31)
FN:286,(anonymous_32)
FN:298,(anonymous_33)
FN:305,(anonymous_34)
FNF:34
FNH:5
FNDA:33,(anonymous_1)
FNDA:46,(anonymous_2)
FNDA:2,(anonymous_3)
FNDA:44,(anonymous_4)
FNDA:2,(anonymous_5)
FNDA:0,(anonymous_6)
FNDA:0,(anonymous_7)
FNDA:0,(anonymous_8)
FNDA:0,(anonymous_9)
FNDA:0,(anonymous_10)
FNDA:0,(anonymous_11)
FNDA:0,(anonymous_12)
FNDA:0,(anonymous_13)
FNDA:0,(anonymous_14)
FNDA:0,(anonymous_15)
FNDA:0,(anonymous_16)
FNDA:0,(anonymous_17)
FNDA:0,(anonymous_18)
FNDA:0,(anonymous_19)
FNDA:0,(anonymous_20)
FNDA:0,(anonymous_21)
FNDA:0,(anonymous_22)
FNDA:0,(anonymous_23)
FNDA:0,(anonymous_24)
FNDA:0,(anonymous_25)
FNDA:0,(anonymous_26)
FNDA:0,(anonymous_27)
FNDA:0,(anonymous_28)
FNDA:0,(anonymous_29)
FNDA:0,(anonymous_30)
FNDA:0,(anonymous_31)
FNDA:0,(anonymous_32)
FNDA:0,(anonymous_33)
FNDA:0,(anonymous_34)
DA:5,2
DA:6,2
DA:12,2
DA:16,33
DA:27,46
DA:28,46
DA:30,46
DA:37,2
DA:44,44
DA:51,2
DA:58,0
DA:65,0
DA:72,0
DA:76,0
DA:83,0
DA:90,0
DA:97,0
DA:104,0
DA:111,0
DA:118,0
DA:125,2
DA:126,0
DA:129,0
DA:130,0
DA:141,0
DA:148,0
DA:149,0
DA:150,0
DA:158,0
DA:159,0
DA:161,0
DA:162,0
DA:163,0
DA:168,0
DA:176,0
DA:177,0
DA:178,0
DA:185,0
DA:192,0
DA:193,0
DA:194,0
DA:201,0
DA:208,0
DA:215,0
DA:222,2
DA:223,0
DA:224,0
DA:230,0
DA:236,0
DA:237,0
DA:244,0
DA:245,0
DA:246,0
DA:254,0
DA:255,0
DA:256,0
DA:257,0
DA:265,0
DA:266,0
DA:267,0
DA:268,0
DA:276,0
DA:277,0
DA:278,0
DA:287,0
DA:288,0
DA:289,0
DA:290,0
DA:299,0
DA:306,0
LF:70
LH:12
BRDA:17,0,0,33
BRDA:17,0,1,33
BRDA:27,1,0,46
BRDA:148,2,0,0
BRDA:161,3,0,0
BRDA:177,4,0,0
BRDA:177,4,1,0
BRDA:245,5,0,0
BRDA:255,6,0,0
BRDA:266,7,0,0
BRDA:277,8,0,0
BRDA:288,9,0,0
BRF:12
BRH:3
end_of_record
TN:
SF:src\core\types.ts
FN:152,(anonymous_0)
FN:163,(anonymous_1)
FN:170,(anonymous_2)
FN:177,(anonymous_3)
FN:187,(anonymous_4)
FNF:5
FNH:3
FNDA:13,(anonymous_0)
FNDA:1,(anonymous_1)
FNDA:0,(anonymous_2)
FNDA:12,(anonymous_3)
FNDA:0,(anonymous_4)
DA:151,4
DA:154,13
DA:155,13
DA:157,13
DA:158,13
DA:162,4
DA:164,1
DA:165,1
DA:169,4
DA:171,0
DA:172,0
DA:176,4
DA:178,12
DA:179,12
DA:180,12
DA:181,12
DA:186,4
DA:188,0
DA:189,0
LF:19
LH:15
BRDA:155,0,0,0
BRDA:180,1,0,12
BRF:2
BRH:1
end_of_record
TN:
SF:src\dev\BuildManager.ts
FN:24,(anonymous_9)
FN:35,(anonymous_10)
FN:43,(anonymous_11)
FN:50,(anonymous_12)
FN:58,(anonymous_13)
FN:66,(anonymous_14)
FN:73,(anonymous_15)
FN:80,(anonymous_16)
FN:115,(anonymous_17)
FN:127,(anonymous_18)
FN:141,(anonymous_19)
FN:190,(anonymous_20)
FN:198,(anonymous_21)
FN:207,(anonymous_22)
FN:223,(anonymous_23)
FN:227,(anonymous_24)
FN:231,(anonymous_25)
FN:250,(anonymous_26)
FN:263,(anonymous_27)
FN:275,(anonymous_28)
FN:292,(anonymous_29)
FN:313,(anonymous_30)
FN:327,(anonymous_31)
FN:368,(anonymous_32)
FN:375,(anonymous_33)
FNF:25
FNH:0
FNDA:0,(anonymous_9)
FNDA:0,(anonymous_10)
FNDA:0,(anonymous_11)
FNDA:0,(anonymous_12)
FNDA:0,(anonymous_13)
FNDA:0,(anonymous_14)
FNDA:0,(anonymous_15)
FNDA:0,(anonymous_16)
FNDA:0,(anonymous_17)
FNDA:0,(anonymous_18)
FNDA:0,(anonymous_19)
FNDA:0,(anonymous_20)
FNDA:0,(anonymous_21)
FNDA:0,(anonymous_22)
FNDA:0,(anonymous_23)
FNDA:0,(anonymous_24)
FNDA:0,(anonymous_25)
FNDA:0,(anonymous_26)
FNDA:0,(anonymous_27)
FNDA:0,(anonymous_28)
FNDA:0,(anonymous_29)
FNDA:0,(anonymous_30)
FNDA:0,(anonymous_31)
FNDA:0,(anonymous_32)
FNDA:0,(anonymous_33)
DA:6,2
DA:7,2
DA:8,2
DA:9,2
DA:10,2
DA:16,2
DA:20,0
DA:21,0
DA:22,0
DA:25,0
DA:26,0
DA:27,0
DA:36,0
DA:37,0
DA:44,0
DA:51,0
DA:52,0
DA:59,0
DA:60,0
DA:67,0
DA:74,0
DA:81,0
DA:82,0
DA:85,0
DA:86,0
DA:88,0
DA:90,0
DA:91,0
DA:92,0
DA:94,0
DA:99,0
DA:100,0
DA:102,0
DA:103,0
DA:106,0
DA:107,0
DA:108,0
DA:116,0
DA:117,0
DA:120,0
DA:121,0
DA:128,0
DA:129,0
DA:130,0
DA:133,0
DA:134,0
DA:135,0
DA:142,0
DA:143,0
DA:144,0
DA:146,0
DA:148,0
DA:150,0
DA:151,0
DA:152,0
DA:153,0
DA:154,0
DA:157,0
DA:158,0
DA:162,0
DA:163,0
DA:165,0
DA:173,0
DA:178,0
DA:191,0
DA:192,0
DA:203,0
DA:204,0
DA:205,0
DA:207,0
DA:208,0
DA:209,0
DA:211,0
DA:212,0
DA:215,0
DA:220,0
DA:221,0
DA:223,0
DA:224,0
DA:227,0
DA:228,0
DA:231,0
DA:233,0
DA:234,0
DA:235,0
DA:236,0
DA:240,0
DA:241,0
DA:242,0
DA:247,0
DA:250,0
DA:251,0
DA:255,0
DA:266,0
DA:269,0
DA:270,0
DA:272,0
DA:273,0
DA:274,0
DA:276,0
DA:277,0
DA:282,0
DA:283,0
DA:286,0
DA:293,0
DA:294,0
DA:295,0
DA:297,0
DA:298,0
DA:299,0
DA:300,0
DA:303,0
DA:304,0
DA:307,0
DA:315,0
DA:316,0
DA:317,0
DA:321,0
DA:331,0
DA:332,0
DA:334,0
DA:336,0
DA:337,0
DA:340,0
DA:342,0
DA:343,0
DA:344,0
DA:351,0
DA:352,0
DA:354,0
DA:356,0
DA:358,0
DA:362,0
DA:369,0
DA:371,0
DA:372,0
DA:375,0
DA:376,0
DA:378,0
DA:379,0
DA:381,0
DA:382,0
DA:383,0
DA:384,0
DA:385,0
DA:387,0
DA:388,0
DA:389,0
DA:390,0
DA:392,0
DA:402,0
DA:403,0
LF:152
LH:6
BRDA:81,0,0,0
BRDA:116,1,0,0
BRDA:128,2,0,0
BRDA:150,3,0,0
BRDA:150,3,1,0
BRDA:211,4,0,0
BRDA:233,5,0,0
BRDA:272,6,0,0
BRDA:277,7,0,0
BRDA:277,7,1,0
BRDA:297,8,0,0
BRDA:316,9,0,0
BRDA:337,10,0,0
BRDA:342,11,0,0
BRDA:342,11,1,0
BRDA:351,12,0,0
BRDA:351,12,1,0
BRDA:356,13,0,0
BRDA:371,14,0,0
BRDA:381,15,0,0
BRDA:381,15,1,0
BRDA:383,16,0,0
BRDA:388,17,0,0
BRDA:388,17,1,0
BRDA:389,18,0,0
BRDA:389,18,1,0
BRDA:390,19,0,0
BRF:27
BRH:0
end_of_record
TN:
SF:src\dev\DevServer.ts
FN:36,(anonymous_9)
FN:50,(anonymous_10)
FN:58,(anonymous_11)
FN:65,(anonymous_12)
FN:73,(anonymous_13)
FN:81,(anonymous_14)
FN:88,(anonymous_15)
FN:102,(anonymous_16)
FN:141,(anonymous_17)
FN:162,(anonymous_18)
FN:163,(anonymous_19)
FN:179,(anonymous_20)
FN:188,(anonymous_21)
FN:197,(anonymous_22)
FN:206,(anonymous_23)
FN:217,(anonymous_24)
FN:226,(anonymous_25)
FN:233,(anonymous_26)
FN:251,(anonymous_27)
FN:254,(anonymous_28)
FN:261,(anonymous_29)
FN:265,(anonymous_30)
FN:272,(anonymous_31)
FN:284,(anonymous_32)
FN:298,(anonymous_33)
FN:315,(anonymous_34)
FN:332,(anonymous_35)
FN:333,(anonymous_36)
FN:337,(anonymous_37)
FN:338,(anonymous_38)
FN:345,(anonymous_39)
FN:354,(anonymous_40)
FN:383,(anonymous_41)
FN:409,(anonymous_42)
FN:423,(anonymous_43)
FN:454,(anonymous_44)
FN:471,(anonymous_45)
FN:489,(anonymous_46)
FN:498,(anonymous_47)
FN:556,(anonymous_48)
FN:565,(anonymous_49)
FN:580,(anonymous_50)
FN:585,(anonymous_51)
FN:585,(anonymous_52)
FN:605,(anonymous_53)
FN:612,(anonymous_54)
FN:628,(anonymous_55)
FN:646,(anonymous_56)
FNF:48
FNH:22
FNDA:20,(anonymous_9)
FNDA:0,(anonymous_10)
FNDA:4,(anonymous_11)
FNDA:0,(anonymous_12)
FNDA:0,(anonymous_13)
FNDA:4,(anonymous_14)
FNDA:4,(anonymous_15)
FNDA:2,(anonymous_16)
FNDA:1,(anonymous_17)
FNDA:1,(anonymous_18)
FNDA:1,(anonymous_19)
FNDA:1,(anonymous_20)
FNDA:1,(anonymous_21)
FNDA:1,(anonymous_22)
FNDA:3,(anonymous_23)
FNDA:1,(anonymous_24)
FNDA:3,(anonymous_25)
FNDA:20,(anonymous_26)
FNDA:20,(anonymous_27)
FNDA:0,(anonymous_28)
FNDA:0,(anonymous_29)
FNDA:0,(anonymous_30)
FNDA:0,(anonymous_31)
FNDA:0,(anonymous_32)
FNDA:1,(anonymous_33)
FNDA:0,(anonymous_34)
FNDA:0,(anonymous_35)
FNDA:0,(anonymous_36)
FNDA:0,(anonymous_37)
FNDA:0,(anonymous_38)
FNDA:0,(anonymous_39)
FNDA:0,(anonymous_40)
FNDA:0,(anonymous_41)
FNDA:0,(anonymous_42)
FNDA:0,(anonymous_43)
FNDA:0,(anonymous_44)
FNDA:5,(anonymous_45)
FNDA:0,(anonymous_46)
FNDA:1,(anonymous_47)
FNDA:0,(anonymous_48)
FNDA:0,(anonymous_49)
FNDA:0,(anonymous_50)
FNDA:0,(anonymous_51)
FNDA:0,(anonymous_52)
FNDA:1,(anonymous_53)
FNDA:0,(anonymous_54)
FNDA:1,(anonymous_55)
FNDA:1,(anonymous_56)
DA:6,2
DA:7,2
DA:8,2
DA:9,2
DA:10,2
DA:12,2
DA:13,2
DA:14,2
DA:15,2
DA:16,2
DA:21,2
DA:33,20
DA:34,20
DA:37,20
DA:38,20
DA:39,20
DA:40,20
DA:42,20
DA:51,0
DA:52,0
DA:59,4
DA:66,0
DA:67,0
DA:74,0
DA:75,0
DA:82,4
DA:89,4
DA:103,2
DA:104,0
DA:107,2
DA:108,2
DA:111,2
DA:114,2
DA:117,1
DA:118,1
DA:122,1
DA:125,1
DA:126,1
DA:129,1
DA:130,1
DA:133,1
DA:134,1
DA:142,1
DA:143,0
DA:146,1
DA:148,1
DA:149,1
DA:153,1
DA:154,1
DA:158,1
DA:161,1
DA:162,1
DA:163,1
DA:167,1
DA:168,1
DA:171,0
DA:172,0
DA:180,1
DA:181,1
DA:182,1
DA:189,1
DA:190,1
DA:198,1
DA:199,1
DA:207,3
DA:208,1
DA:211,2
DA:218,1
DA:219,1
DA:227,3
DA:235,20
DA:236,20
DA:237,20
DA:238,20
DA:240,20
DA:241,20
DA:245,20
DA:253,20
DA:254,20
DA:255,0
DA:260,20
DA:261,20
DA:262,0
DA:265,20
DA:266,0
DA:271,20
DA:272,20
DA:273,0
DA:274,0
DA:283,20
DA:284,20
DA:285,0
DA:286,0
DA:299,1
DA:300,1
DA:303,1
DA:304,1
DA:307,1
DA:308,1
DA:316,0
DA:317,0
DA:320,0
DA:321,0
DA:324,0
DA:325,0
DA:333,0
DA:334,0
DA:337,0
DA:338,0
DA:339,0
DA:340,0
DA:342,0
DA:345,0
DA:346,0
DA:355,0
DA:356,0
DA:359,0
DA:362,0
DA:365,0
DA:366,0
DA:367,0
DA:371,0
DA:372,0
DA:373,0
DA:377,0
DA:384,0
DA:386,0
DA:387,0
DA:388,0
DA:393,0
DA:396,0
DA:397,0
DA:398,0
DA:402,0
DA:403,0
DA:410,0
DA:411,0
DA:412,0
DA:413,0
DA:415,0
DA:416,0
DA:424,0
DA:427,0
DA:428,0
DA:432,0
DA:433,0
DA:436,0
DA:437,0
DA:438,0
DA:442,0
DA:443,0
DA:444,0
DA:448,0
DA:455,0
DA:456,0
DA:457,0
DA:458,0
DA:460,0
DA:461,0
DA:463,0
DA:464,0
DA:472,5
DA:483,5
DA:490,0
DA:491,0
DA:492,0
DA:499,1
DA:557,0
DA:558,0
DA:566,0
DA:567,0
DA:568,0
DA:570,0
DA:571,0
DA:581,0
DA:583,0
DA:585,0
DA:586,0
DA:587,0
DA:589,0
DA:592,0
DA:593,0
DA:596,0
DA:597,0
DA:606,1
DA:607,1
DA:611,1
DA:612,1
DA:613,0
DA:614,0
DA:620,1
DA:621,1
DA:629,1
DA:630,1
DA:633,1
DA:634,1
DA:637,1
DA:647,1
DA:648,1
DA:651,1
DA:652,1
DA:655,1
LF:202
LH:101
BRDA:89,0,0,4
BRDA:89,0,1,4
BRDA:103,1,0,0
BRDA:117,2,0,1
BRDA:125,3,0,1
BRDA:142,4,0,0
BRDA:148,5,0,1
BRDA:153,6,0,1
BRDA:161,7,0,1
BRDA:189,8,0,1
BRDA:198,9,0,1
BRDA:207,10,0,1
BRDA:218,11,0,1
BRDA:227,12,0,3
BRDA:227,12,1,2
BRDA:240,13,0,20
BRDA:253,14,0,20
BRDA:260,15,0,20
BRDA:271,16,0,20
BRDA:273,17,0,0
BRDA:283,18,0,20
BRDA:285,19,0,0
BRDA:299,20,0,1
BRDA:303,21,0,1
BRDA:307,22,0,1
BRDA:316,23,0,0
BRDA:320,24,0,0
BRDA:324,25,0,0
BRDA:339,26,0,0
BRDA:355,27,0,0
BRDA:359,28,0,0
BRDA:359,28,1,0
BRDA:362,29,0,0
BRDA:362,30,0,0
BRDA:362,30,1,0
BRDA:371,31,0,0
BRDA:384,32,0,0
BRDA:384,32,1,0
BRDA:386,33,0,0
BRDA:396,34,0,0
BRDA:424,35,0,0
BRDA:424,35,1,0
BRDA:427,36,0,0
BRDA:436,37,0,0
BRDA:442,38,0,0
BRDA:483,39,0,5
BRDA:483,39,1,1
BRDA:521,40,0,1
BRDA:521,40,1,0
BRDA:557,41,0,0
BRDA:566,42,0,0
BRDA:570,43,0,0
BRDA:586,44,0,0
BRDA:586,44,1,0
BRDA:586,45,0,0
BRDA:586,45,1,0
BRDA:592,46,0,0
BRDA:596,47,0,0
BRDA:606,48,0,1
BRDA:611,49,0,1
BRDA:613,50,0,0
BRDA:620,51,0,1
BRDA:629,52,0,1
BRDA:633,53,0,1
BRDA:647,54,0,1
BRDA:651,55,0,1
BRF:66
BRH:31
end_of_record
TN:
SF:src\dev\FileWatcher.ts
FN:23,(anonymous_9)
FN:30,(anonymous_10)
FN:35,(anonymous_11)
FN:39,(anonymous_12)
FN:44,(anonymous_13)
FN:52,(anonymous_14)
FN:59,(anonymous_15)
FN:66,(anonymous_16)
FN:89,(anonymous_17)
FN:121,(anonymous_18)
FN:132,(anonymous_19)
FN:143,(anonymous_20)
FN:150,(anonymous_21)
FN:163,(anonymous_22)
FN:173,(anonymous_23)
FN:190,(anonymous_24)
FN:198,(anonymous_25)
FN:204,(anonymous_26)
FN:214,(anonymous_27)
FN:226,(anonymous_28)
FN:232,(anonymous_29)
FN:239,(anonymous_30)
FN:251,(anonymous_31)
FN:264,(anonymous_32)
FN:282,(anonymous_33)
FN:292,(anonymous_34)
FN:303,(anonymous_35)
FN:335,(anonymous_36)
FN:338,(anonymous_37)
FN:346,(anonymous_38)
FN:357,(anonymous_39)
FN:371,(anonymous_40)
FNF:32
FNH:0
FNDA:0,(anonymous_9)
FNDA:0,(anonymous_10)
FNDA:0,(anonymous_11)
FNDA:0,(anonymous_12)
FNDA:0,(anonymous_13)
FNDA:0,(anonymous_14)
FNDA:0,(anonymous_15)
FNDA:0,(anonymous_16)
FNDA:0,(anonymous_17)
FNDA:0,(anonymous_18)
FNDA:0,(anonymous_19)
FNDA:0,(anonymous_20)
FNDA:0,(anonymous_21)
FNDA:0,(anonymous_22)
FNDA:0,(anonymous_23)
FNDA:0,(anonymous_24)
FNDA:0,(anonymous_25)
FNDA:0,(anonymous_26)
FNDA:0,(anonymous_27)
FNDA:0,(anonymous_28)
FNDA:0,(anonymous_29)
FNDA:0,(anonymous_30)
FNDA:0,(anonymous_31)
FNDA:0,(anonymous_32)
FNDA:0,(anonymous_33)
FNDA:0,(anonymous_34)
FNDA:0,(anonymous_35)
FNDA:0,(anonymous_36)
FNDA:0,(anonymous_37)
FNDA:0,(anonymous_38)
FNDA:0,(anonymous_39)
FNDA:0,(anonymous_40)
DA:5,2
DA:6,2
DA:7,2
DA:8,2
DA:14,2
DA:17,0
DA:18,0
DA:19,0
DA:20,0
DA:21,0
DA:24,0
DA:25,0
DA:26,0
DA:31,0
DA:32,0
DA:36,0
DA:40,0
DA:41,0
DA:45,0
DA:46,0
DA:53,0
DA:60,0
DA:67,0
DA:68,0
DA:71,0
DA:73,0
DA:74,0
DA:77,0
DA:78,0
DA:81,0
DA:82,0
DA:90,0
DA:91,0
DA:94,0
DA:96,0
DA:97,0
DA:101,0
DA:102,0
DA:105,0
DA:106,0
DA:107,0
DA:108,0
DA:110,0
DA:113,0
DA:114,0
DA:122,0
DA:123,0
DA:125,0
DA:133,0
DA:134,0
DA:136,0
DA:144,0
DA:152,0
DA:153,0
DA:155,0
DA:156,0
DA:164,0
DA:165,0
DA:167,0
DA:174,0
DA:176,0
DA:177,0
DA:179,0
DA:180,0
DA:182,0
DA:191,0
DA:192,0
DA:199,0
DA:200,0
DA:203,0
DA:204,0
DA:205,0
DA:206,0
DA:207,0
DA:211,0
DA:212,0
DA:214,0
DA:215,0
DA:219,0
DA:227,0
DA:228,0
DA:231,0
DA:232,0
DA:233,0
DA:236,0
DA:237,0
DA:239,0
DA:240,0
DA:244,0
DA:252,0
DA:254,0
DA:255,0
DA:256,0
DA:257,0
DA:266,0
DA:267,0
DA:271,0
DA:272,0
DA:276,0
DA:283,0
DA:286,0
DA:287,0
DA:288,0
DA:292,0
DA:293,0
DA:294,0
DA:297,0
DA:307,0
DA:308,0
DA:310,0
DA:313,0
DA:320,0
DA:321,0
DA:322,0
DA:328,0
DA:329,0
DA:336,0
DA:338,0
DA:339,0
DA:348,0
DA:349,0
DA:351,0
DA:359,0
DA:365,0
DA:372,0
DA:373,0
DA:375,0
DA:376,0
DA:377,0
DA:379,0
DA:382,0
LF:131
LH:5
BRDA:67,0,0,0
BRDA:90,1,0,0
BRDA:122,2,0,0
BRDA:122,2,1,0
BRDA:133,3,0,0
BRDA:133,3,1,0
BRDA:144,4,0,0
BRDA:144,4,1,0
BRDA:144,4,2,0
BRDA:155,5,0,0
BRDA:176,6,0,0
BRDA:179,7,0,0
BRDA:179,7,1,0
BRDA:199,8,0,0
BRDA:205,9,0,0
BRDA:227,10,0,0
BRDA:254,11,0,0
BRDA:266,12,0,0
BRDA:271,13,0,0
BRDA:271,14,0,0
BRDA:271,14,1,0
BRDA:287,15,0,0
BRDA:307,16,0,0
BRDA:307,16,1,0
BRDA:308,17,0,0
BRDA:308,17,1,0
BRDA:320,18,0,0
BRDA:376,19,0,0
BRDA:376,20,0,0
BRDA:376,20,1,0
BRDA:376,20,2,0
BRDA:382,21,0,0
BRDA:382,21,1,0
BRF:33
BRH:0
end_of_record
TN:
SF:src\dev\HotReloadManager.ts
FN:18,(anonymous_0)
FN:25,(anonymous_1)
FN:26,(anonymous_2)
FN:27,(anonymous_3)
FN:28,(anonymous_4)
FN:33,(anonymous_5)
FN:40,(anonymous_6)
FN:47,(anonymous_7)
FN:55,(anonymous_8)
FN:64,(anonymous_9)
FN:85,(anonymous_10)
FN:106,(anonymous_11)
FN:114,(anonymous_12)
FN:122,(anonymous_13)
FNF:14
FNH:0
FNDA:0,(anonymous_0)
FNDA:0,(anonymous_1)
FNDA:0,(anonymous_2)
FNDA:0,(anonymous_3)
FNDA:0,(anonymous_4)
FNDA:0,(anonymous_5)
FNDA:0,(anonymous_6)
FNDA:0,(anonymous_7)
FNDA:0,(anonymous_8)
FNDA:0,(anonymous_9)
FNDA:0,(anonymous_10)
FNDA:0,(anonymous_11)
FNDA:0,(anonymous_12)
FNDA:0,(anonymous_13)
DA:5,2
DA:6,2
DA:12,2
DA:15,0
DA:16,0
DA:19,0
DA:20,0
DA:21,0
DA:25,0
DA:26,0
DA:27,0
DA:28,0
DA:34,0
DA:41,0
DA:48,0
DA:49,0
DA:56,0
DA:57,0
DA:58,0
DA:65,0
DA:66,0
DA:69,0
DA:78,0
DA:79,0
DA:86,0
DA:87,0
DA:90,0
DA:99,0
DA:100,0
DA:107,0
DA:108,0
DA:115,0
DA:116,0
DA:123,0
DA:124,0
DA:129,0
DA:132,0
DA:133,0
DA:137,0
LF:39
LH:3
BRDA:65,0,0,0
BRDA:73,1,0,0
BRDA:73,1,1,0
BRDA:86,2,0,0
BRDA:123,3,0,0
BRF:5
BRH:0
end_of_record
TN:
SF:src\dev\LogManager.ts
FN:18,(anonymous_0)
FN:25,(anonymous_1)
FN:26,(anonymous_2)
FN:27,(anonymous_3)
FN:28,(anonymous_4)
FN:33,(anonymous_5)
FN:40,(anonymous_6)
FN:47,(anonymous_7)
FN:76,(anonymous_8)
FN:84,(anonymous_9)
FN:92,(anonymous_10)
FN:115,(anonymous_11)
FNF:12
FNH:0
FNDA:0,(anonymous_0)
FNDA:0,(anonymous_1)
FNDA:0,(anonymous_2)
FNDA:0,(anonymous_3)
FNDA:0,(anonymous_4)
FNDA:0,(anonymous_5)
FNDA:0,(anonymous_6)
FNDA:0,(anonymous_7)
FNDA:0,(anonymous_8)
FNDA:0,(anonymous_9)
FNDA:0,(anonymous_10)
FNDA:0,(anonymous_11)
DA:5,2
DA:6,2
DA:12,2
DA:15,0
DA:16,0
DA:19,0
DA:20,0
DA:21,0
DA:25,0
DA:26,0
DA:27,0
DA:28,0
DA:34,0
DA:41,0
DA:48,0
DA:57,0
DA:60,0
DA:61,0
DA:65,0
DA:68,0
DA:69,0
DA:77,0
DA:78,0
DA:89,0
DA:91,0
DA:92,0
DA:93,0
DA:94,0
DA:97,0
DA:98,0
DA:101,0
DA:102,0
DA:105,0
DA:109,0
DA:116,0
DA:117,0
DA:118,0
DA:120,0
DA:123,0
DA:124,0
DA:126,0
DA:127,0
DA:129,0
DA:130,0
DA:132,0
DA:133,0
DA:135,0
DA:136,0
DA:140,0
DA:143,0
DA:144,0
LF:51
LH:3
BRDA:60,0,0,0
BRDA:68,1,0,0
BRDA:91,2,0,0
BRDA:93,3,0,0
BRDA:93,4,0,0
BRDA:93,4,1,0
BRDA:97,5,0,0
BRDA:97,6,0,0
BRDA:97,6,1,0
BRDA:101,7,0,0
BRDA:101,8,0,0
BRDA:101,8,1,0
BRDA:123,9,0,0
BRDA:124,10,0,0
BRDA:124,10,1,0
BRDA:124,10,2,0
BRDA:124,10,3,0
BRDA:143,11,0,0
BRDA:143,12,0,0
BRDA:143,12,1,0
BRF:20
BRH:0
end_of_record
TN:
SF:src\dev\MetricsManager.ts
FN:20,(anonymous_0)
FN:27,(anonymous_1)
FN:28,(anonymous_2)
FN:29,(anonymous_3)
FN:30,(anonymous_4)
FN:35,(anonymous_5)
FN:42,(anonymous_6)
FN:49,(anonymous_7)
FN:58,(anonymous_8)
FN:68,(anonymous_9)
FN:86,(anonymous_10)
FN:94,(anonymous_11)
FN:102,(anonymous_12)
FN:110,(anonymous_13)
FN:118,(anonymous_14)
FN:127,(anonymous_15)
FN:141,(anonymous_16)
FNF:17
FNH:0
FNDA:0,(anonymous_0)
FNDA:0,(anonymous_1)
FNDA:0,(anonymous_2)
FNDA:0,(anonymous_3)
FNDA:0,(anonymous_4)
FNDA:0,(anonymous_5)
FNDA:0,(anonymous_6)
FNDA:0,(anonymous_7)
FNDA:0,(anonymous_8)
FNDA:0,(anonymous_9)
FNDA:0,(anonymous_10)
FNDA:0,(anonymous_11)
FNDA:0,(anonymous_12)
FNDA:0,(anonymous_13)
FNDA:0,(anonymous_14)
FNDA:0,(anonymous_15)
FNDA:0,(anonymous_16)
DA:5,2
DA:6,2
DA:12,2
DA:15,0
DA:16,0
DA:18,0
DA:21,0
DA:22,0
DA:23,0
DA:27,0
DA:28,0
DA:29,0
DA:30,0
DA:36,0
DA:43,0
DA:50,0
DA:51,0
DA:54,0
DA:55,0
DA:58,0
DA:59,0
DA:62,0
DA:69,0
DA:70,0
DA:73,0
DA:75,0
DA:76,0
DA:77,0
DA:80,0
DA:87,0
DA:88,0
DA:95,0
DA:96,0
DA:103,0
DA:104,0
DA:111,0
DA:112,0
DA:119,0
DA:120,0
DA:121,0
DA:128,0
DA:142,0
DA:143,0
DA:147,0
DA:150,0
DA:153,0
DA:155,0
LF:47
LH:3
BRDA:50,0,0,0
BRDA:69,1,0,0
BRDA:75,2,0,0
BRDA:142,3,0,0
BRF:4
BRH:0
end_of_record
TN:
SF:src\generators\AgentGenerator.ts
FN:14,(anonymous_0)
FN:61,(anonymous_1)
FN:82,(anonymous_2)
FN:102,(anonymous_3)
FN:118,(anonymous_4)
FN:166,(anonymous_5)
FN:291,(anonymous_6)
FN:551,(anonymous_7)
FN:632,(anonymous_8)
FN:687,(anonymous_9)
FN:806,(anonymous_10)
FNF:11
FNH:8
FNDA:2,(anonymous_0)
FNDA:1,(anonymous_1)
FNDA:1,(anonymous_2)
FNDA:2,(anonymous_3)
FNDA:2,(anonymous_4)
FNDA:0,(anonymous_5)
FNDA:0,(anonymous_6)
FNDA:0,(anonymous_7)
FNDA:2,(anonymous_8)
FNDA:1,(anonymous_9)
FNDA:1,(anonymous_10)
DA:5,1
DA:10,1
DA:15,2
DA:16,2
DA:19,2
DA:20,2
DA:21,2
DA:23,2
DA:30,2
DA:31,0
DA:32,0
DA:33,0
DA:35,0
DA:43,2
DA:44,2
DA:45,2
DA:46,2
DA:48,2
DA:55,2
DA:62,1
DA:63,1
DA:66,1
DA:67,1
DA:68,1
DA:70,1
DA:76,1
DA:83,1
DA:84,1
DA:87,1
DA:88,1
DA:90,1
DA:96,1
DA:103,2
DA:105,2
DA:107,0
DA:109,0
DA:111,0
DA:119,2
DA:167,0
DA:292,0
DA:552,0
DA:553,0
DA:598,0
DA:633,2
DA:688,1
DA:807,1
LF:46
LH:34
BRDA:30,0,0,0
BRDA:43,1,0,2
BRDA:103,2,0,2
BRDA:103,2,1,0
BRDA:103,2,2,0
BRDA:103,2,3,0
BRDA:552,3,0,0
BRDA:552,3,1,0
BRF:8
BRH:2
end_of_record
TN:
SF:src\generators\CodeGeneratorManager.ts
FN:40,(anonymous_9)
FN:47,(anonymous_10)
FN:59,(anonymous_11)
FN:71,(anonymous_12)
FN:83,(anonymous_13)
FN:89,(anonymous_14)
FN:94,(anonymous_15)
FN:100,(anonymous_16)
FN:109,(anonymous_17)
FN:112,(anonymous_18)
FN:116,(anonymous_19)
FN:120,(anonymous_20)
FN:131,(anonymous_21)
FN:150,(anonymous_22)
FN:157,(anonymous_23)
FN:182,(anonymous_24)
FN:189,(anonymous_25)
FN:196,(anonymous_26)
FN:203,(anonymous_27)
FN:239,(anonymous_28)
FN:246,(anonymous_29)
FN:253,(anonymous_30)
FN:262,(anonymous_31)
FN:271,(anonymous_32)
FNF:24
FNH:21
FNDA:17,(anonymous_9)
FNDA:4,(anonymous_10)
FNDA:0,(anonymous_11)
FNDA:0,(anonymous_12)
FNDA:1,(anonymous_13)
FNDA:2,(anonymous_14)
FNDA:1,(anonymous_15)
FNDA:1,(anonymous_16)
FNDA:5,(anonymous_17)
FNDA:2,(anonymous_18)
FNDA:1,(anonymous_19)
FNDA:1,(anonymous_20)
FNDA:0,(anonymous_21)
FNDA:15,(anonymous_22)
FNDA:9,(anonymous_23)
FNDA:11,(anonymous_24)
FNDA:11,(anonymous_25)
FNDA:11,(anonymous_26)
FNDA:23,(anonymous_27)
FNDA:6,(anonymous_28)
FNDA:10,(anonymous_29)
FNDA:8,(anonymous_30)
FNDA:1,(anonymous_31)
FNDA:1,(anonymous_32)
DA:5,2
DA:6,2
DA:7,2
DA:39,2
DA:48,4
DA:49,3
DA:51,3
DA:52,6
DA:60,0
DA:61,0
DA:63,0
DA:64,0
DA:72,0
DA:73,0
DA:75,0
DA:76,0
DA:84,1
DA:85,1
DA:88,1
DA:89,2
DA:92,1
DA:93,1
DA:94,1
DA:98,1
DA:99,1
DA:100,1
DA:103,1
DA:110,5
DA:112,4
DA:113,2
DA:116,2
DA:117,1
DA:120,2
DA:121,1
DA:124,1
DA:132,0
DA:133,0
DA:136,0
DA:139,0
DA:142,0
DA:143,0
DA:151,15
DA:158,9
DA:160,9
DA:183,11
DA:190,11
DA:197,11
DA:204,23
DA:206,12
DA:208,5
DA:210,5
DA:212,1
DA:220,2
DA:240,6
DA:247,10
DA:254,8
DA:255,8
DA:256,8
DA:263,1
DA:264,1
DA:265,1
DA:272,1
DA:273,1
DA:274,1
LF:64
LH:50
BRDA:92,0,0,1
BRDA:98,1,0,1
BRDA:110,2,0,2
BRDA:110,2,1,1
BRDA:110,2,2,1
BRDA:110,2,3,1
BRDA:142,3,0,0
BRDA:167,4,0,8
BRDA:167,4,1,1
BRDA:168,5,0,8
BRDA:168,5,1,1
BRDA:175,6,0,9
BRDA:175,6,1,9
BRDA:204,7,0,12
BRDA:204,7,1,5
BRDA:204,7,2,5
BRDA:204,7,3,1
BRDA:255,8,0,8
BRDA:255,8,1,8
BRDA:264,9,0,1
BRDA:264,9,1,1
BRDA:273,10,0,1
BRDA:273,10,1,1
BRF:23
BRH:22
end_of_record
TN:
SF:src\generators\ConfigGenerator.ts
FN:14,(anonymous_0)
FN:65,(anonymous_1)
FN:86,(anonymous_2)
FN:106,(anonymous_3)
FN:122,(anonymous_4)
FN:182,(anonymous_5)
FN:409,(anonymous_6)
FN:792,(anonymous_7)
FN:880,(anonymous_8)
FN:941,(anonymous_9)
FN:1075,(anonymous_10)
FNF:11
FNH:4
FNDA:1,(anonymous_0)
FNDA:0,(anonymous_1)
FNDA:0,(anonymous_2)
FNDA:1,(anonymous_3)
FNDA:1,(anonymous_4)
FNDA:0,(anonymous_5)
FNDA:0,(anonymous_6)
FNDA:0,(anonymous_7)
FNDA:1,(anonymous_8)
FNDA:0,(anonymous_9)
FNDA:0,(anonymous_10)
DA:5,1
DA:10,1
DA:15,1
DA:16,1
DA:19,1
DA:20,1
DA:21,1
DA:23,1
DA:30,1
DA:31,0
DA:33,0
DA:34,0
DA:35,0
DA:36,0
DA:38,0
DA:47,1
DA:48,1
DA:49,1
DA:50,1
DA:52,1
DA:59,1
DA:66,0
DA:67,0
DA:70,0
DA:71,0
DA:72,0
DA:74,0
DA:80,0
DA:87,0
DA:88,0
DA:91,0
DA:92,0
DA:94,0
DA:100,0
DA:107,1
DA:109,1
DA:111,0
DA:113,0
DA:115,0
DA:123,1
DA:183,0
DA:410,0
DA:793,0
DA:795,0
DA:881,1
DA:942,0
DA:1076,0
LF:47
LH:19
BRDA:30,0,0,0
BRDA:47,1,0,1
BRDA:107,2,0,1
BRDA:107,2,1,0
BRDA:107,2,2,0
BRDA:107,2,3,0
BRDA:810,3,0,0
BRDA:810,3,1,0
BRDA:824,4,0,0
BRDA:824,4,1,0
BRF:10
BRH:2
end_of_record
TN:
SF:src\generators\WorkflowGenerator.ts
FN:14,(anonymous_0)
FN:61,(anonymous_1)
FN:82,(anonymous_2)
FN:102,(anonymous_3)
FN:118,(anonymous_4)
FN:184,(anonymous_5)
FN:427,(anonymous_6)
FN:611,(anonymous_7)
FN:693,(anonymous_8)
FN:751,(anonymous_9)
FN:873,(anonymous_10)
FNF:11
FNH:4
FNDA:1,(anonymous_0)
FNDA:0,(anonymous_1)
FNDA:0,(anonymous_2)
FNDA:1,(anonymous_3)
FNDA:1,(anonymous_4)
FNDA:0,(anonymous_5)
FNDA:0,(anonymous_6)
FNDA:0,(anonymous_7)
FNDA:1,(anonymous_8)
FNDA:0,(anonymous_9)
FNDA:0,(anonymous_10)
DA:5,1
DA:10,1
DA:15,1
DA:16,1
DA:19,1
DA:20,1
DA:21,1
DA:23,1
DA:30,1
DA:31,0
DA:32,0
DA:33,0
DA:35,0
DA:43,1
DA:44,1
DA:45,1
DA:46,1
DA:48,1
DA:55,1
DA:62,0
DA:63,0
DA:66,0
DA:67,0
DA:68,0
DA:70,0
DA:76,0
DA:83,0
DA:84,0
DA:87,0
DA:88,0
DA:90,0
DA:96,0
DA:103,1
DA:105,1
DA:107,0
DA:109,0
DA:111,0
DA:119,1
DA:185,0
DA:428,0
DA:612,0
DA:613,0
DA:662,0
DA:694,1
DA:752,0
DA:874,0
LF:46
LH:19
BRDA:30,0,0,0
BRDA:43,1,0,1
BRDA:103,2,0,1
BRDA:103,2,1,0
BRDA:103,2,2,0
BRDA:103,2,3,0
BRDA:612,3,0,0
BRDA:612,3,1,0
BRF:8
BRH:2
end_of_record
TN:
SF:src\templates\ProjectTemplateManager.ts
FN:9,(anonymous_9)
FN:11,(anonymous_10)
FN:22,(anonymous_11)
FN:29,(anonymous_12)
FN:136,(anonymous_13)
FN:144,(anonymous_14)
FN:172,(anonymous_15)
FN:180,(anonymous_16)
FN:247,(anonymous_17)
FN:410,(anonymous_18)
FN:463,(anonymous_19)
FN:514,(anonymous_20)
FN:626,(anonymous_21)
FN:673,(anonymous_22)
FN:703,(anonymous_23)
FN:710,(anonymous_24)
FN:717,(anonymous_25)
FNF:17
FNH:0
FNDA:0,(anonymous_9)
FNDA:0,(anonymous_10)
FNDA:0,(anonymous_11)
FNDA:0,(anonymous_12)
FNDA:0,(anonymous_13)
FNDA:0,(anonymous_14)
FNDA:0,(anonymous_15)
FNDA:0,(anonymous_16)
FNDA:0,(anonymous_17)
FNDA:0,(anonymous_18)
FNDA:0,(anonymous_19)
FNDA:0,(anonymous_20)
FNDA:0,(anonymous_21)
FNDA:0,(anonymous_22)
FNDA:0,(anonymous_23)
FNDA:0,(anonymous_24)
FNDA:0,(anonymous_25)
DA:5,1
DA:6,1
DA:8,1
DA:11,0
DA:19,1
DA:20,0
DA:23,0
DA:31,0
DA:59,0
DA:91,0
DA:137,0
DA:139,0
DA:140,0
DA:141,0
DA:144,0
DA:145,0
DA:147,0
DA:148,0
DA:149,0
DA:150,0
DA:152,0
DA:153,0
DA:155,0
DA:156,0
DA:165,0
DA:166,0
DA:173,0
DA:174,0
DA:181,0
DA:248,0
DA:411,0
DA:412,0
DA:414,0
DA:415,0
DA:419,0
DA:422,0
DA:463,0
DA:464,0
DA:465,0
DA:508,0
DA:515,0
DA:516,0
DA:518,0
DA:519,0
DA:523,0
DA:526,0
DA:620,0
DA:627,0
DA:628,0
DA:629,0
DA:633,0
DA:636,0
DA:644,0
DA:645,0
DA:646,0
DA:649,0
DA:652,0
DA:653,0
DA:654,0
DA:658,0
DA:661,0
DA:662,0
DA:667,0
DA:678,0
DA:679,0
DA:682,0
DA:683,0
DA:684,0
DA:688,0
DA:689,0
DA:690,0
DA:694,0
DA:697,0
DA:704,0
DA:711,0
DA:718,0
LF:76
LH:4
BRDA:11,0,0,0
BRDA:11,0,1,0
BRDA:139,1,0,0
BRDA:144,2,0,0
BRDA:152,3,0,0
BRDA:152,3,1,0
BRDA:414,4,0,0
BRDA:464,5,0,0
BRDA:518,6,0,0
BRDA:628,7,0,0
BRDA:653,8,0,0
BRDA:661,9,0,0
BRDA:682,10,0,0
BRDA:682,10,1,0
BRDA:688,11,0,0
BRDA:688,11,1,0
BRF:16
BRH:0
end_of_record
TN:
SF:src\utils\GitOperations.ts
FN:17,(anonymous_9)
FN:24,(anonymous_10)
FN:31,(anonymous_11)
FN:38,(anonymous_12)
FN:45,(anonymous_13)
FN:57,(anonymous_14)
FN:70,(anonymous_15)
FN:78,(anonymous_16)
FN:84,(anonymous_17)
FN:113,(anonymous_18)
FN:125,(anonymous_19)
FN:138,(anonymous_20)
FN:165,(anonymous_21)
FN:177,(anonymous_22)
FN:184,(anonymous_23)
FN:195,(anonymous_24)
FN:219,(anonymous_25)
FN:233,(anonymous_26)
FN:247,(anonymous_27)
FN:257,(anonymous_28)
FN:262,(anonymous_29)
FN:273,(anonymous_30)
FN:277,(anonymous_31)
FN:282,(anonymous_32)
FN:291,(anonymous_33)
FNF:25
FNH:0
FNDA:0,(anonymous_9)
FNDA:0,(anonymous_10)
FNDA:0,(anonymous_11)
FNDA:0,(anonymous_12)
FNDA:0,(anonymous_13)
FNDA:0,(anonymous_14)
FNDA:0,(anonymous_15)
FNDA:0,(anonymous_16)
FNDA:0,(anonymous_17)
FNDA:0,(anonymous_18)
FNDA:0,(anonymous_19)
FNDA:0,(anonymous_20)
FNDA:0,(anonymous_21)
FNDA:0,(anonymous_22)
FNDA:0,(anonymous_23)
FNDA:0,(anonymous_24)
FNDA:0,(anonymous_25)
FNDA:0,(anonymous_26)
FNDA:0,(anonymous_27)
FNDA:0,(anonymous_28)
FNDA:0,(anonymous_29)
FNDA:0,(anonymous_30)
FNDA:0,(anonymous_31)
FNDA:0,(anonymous_32)
FNDA:0,(anonymous_33)
DA:5,1
DA:6,1
DA:7,1
DA:13,1
DA:18,0
DA:25,0
DA:32,0
DA:39,0
DA:46,0
DA:47,0
DA:48,0
DA:50,0
DA:58,0
DA:59,0
DA:60,0
DA:62,0
DA:64,0
DA:71,0
DA:72,0
DA:83,0
DA:84,0
DA:86,0
DA:87,0
DA:88,0
DA:90,0
DA:91,0
DA:92,0
DA:94,0
DA:95,0
DA:98,0
DA:99,0
DA:100,0
DA:102,0
DA:107,0
DA:114,0
DA:115,0
DA:116,0
DA:118,0
DA:126,0
DA:127,0
DA:128,0
DA:129,0
DA:131,0
DA:143,0
DA:145,0
DA:146,0
DA:149,0
DA:150,0
DA:153,0
DA:154,0
DA:157,0
DA:159,0
DA:166,0
DA:167,0
DA:169,0
DA:170,0
DA:178,0
DA:189,0
DA:190,0
DA:191,0
DA:194,0
DA:195,0
DA:197,0
DA:198,0
DA:199,0
DA:201,0
DA:202,0
DA:203,0
DA:204,0
DA:205,0
DA:206,0
DA:207,0
DA:208,0
DA:209,0
DA:213,0
DA:225,0
DA:226,0
DA:233,0
DA:234,0
DA:236,0
DA:237,0
DA:238,0
DA:241,0
DA:248,0
DA:249,0
DA:262,0
DA:263,0
DA:269,0
DA:270,0
DA:272,0
DA:273,0
DA:274,0
DA:277,0
DA:278,0
DA:282,0
DA:283,0
DA:284,0
DA:286,0
DA:287,0
DA:291,0
DA:292,0
LF:101
LH:4
BRDA:48,0,0,0
BRDA:48,0,1,0
BRDA:57,1,0,0
BRDA:59,2,0,0
BRDA:94,3,0,0
BRDA:94,4,0,0
BRDA:94,4,1,0
BRDA:98,5,0,0
BRDA:99,6,0,0
BRDA:99,6,1,0
BRDA:129,7,0,0
BRDA:129,7,1,0
BRDA:145,8,0,0
BRDA:149,9,0,0
BRDA:153,10,0,0
BRDA:165,11,0,0
BRDA:169,12,0,0
BRDA:184,13,0,0
BRDA:190,14,0,0
BRDA:203,15,0,0
BRDA:203,15,1,0
BRDA:206,16,0,0
BRDA:206,16,1,0
BRDA:208,17,0,0
BRDA:219,18,0,0
BRDA:249,19,0,0
BRDA:249,19,1,0
BRDA:249,19,2,0
BRDA:260,20,0,0
BRDA:265,21,0,0
BRDA:265,21,1,0
BRDA:272,22,0,0
BRDA:283,23,0,0
BRDA:283,23,1,0
BRDA:286,24,0,0
BRDA:286,24,1,0
BRF:36
BRH:0
end_of_record
TN:
SF:src\utils\PackageManagerDetector.ts
FN:14,(anonymous_9)
FN:19,(anonymous_10)
FN:32,(anonymous_11)
FN:35,(anonymous_12)
FN:42,(anonymous_13)
FN:57,(anonymous_14)
FN:70,(anonymous_15)
FN:120,(anonymous_16)
FN:136,(anonymous_17)
FN:137,(anonymous_18)
FN:143,(anonymous_19)
FN:147,(anonymous_20)
FN:156,(anonymous_21)
FN:157,(anonymous_22)
FN:164,(anonymous_23)
FN:168,(anonymous_24)
FN:176,(anonymous_25)
FN:185,(anonymous_26)
FN:250,(anonymous_27)
FNF:19
FNH:0
FNDA:0,(anonymous_9)
FNDA:0,(anonymous_10)
FNDA:0,(anonymous_11)
FNDA:0,(anonymous_12)
FNDA:0,(anonymous_13)
FNDA:0,(anonymous_14)
FNDA:0,(anonymous_15)
FNDA:0,(anonymous_16)
FNDA:0,(anonymous_17)
FNDA:0,(anonymous_18)
FNDA:0,(anonymous_19)
FNDA:0,(anonymous_20)
FNDA:0,(anonymous_21)
FNDA:0,(anonymous_22)
FNDA:0,(anonymous_23)
FNDA:0,(anonymous_24)
FNDA:0,(anonymous_25)
FNDA:0,(anonymous_26)
FNDA:0,(anonymous_27)
DA:5,1
DA:6,1
DA:7,1
DA:14,0
DA:20,0
DA:22,0
DA:23,0
DA:26,0
DA:33,0
DA:35,0
DA:36,0
DA:42,0
DA:43,0
DA:44,0
DA:46,0
DA:50,0
DA:58,0
DA:59,0
DA:66,1
DA:72,0
DA:73,0
DA:76,0
DA:77,0
DA:80,0
DA:81,0
DA:85,0
DA:86,0
DA:87,0
DA:89,0
DA:90,0
DA:93,0
DA:94,0
DA:97,0
DA:98,0
DA:103,0
DA:106,0
DA:107,0
DA:110,0
DA:111,0
DA:114,0
DA:121,0
DA:122,0
DA:124,0
DA:125,0
DA:126,0
DA:130,0
DA:137,0
DA:138,0
DA:143,0
DA:144,0
DA:147,0
DA:148,0
DA:157,0
DA:158,0
DA:163,0
DA:164,0
DA:165,0
DA:168,0
DA:169,0
DA:170,0
DA:172,0
DA:176,0
DA:177,0
DA:190,0
DA:191,0
DA:197,0
DA:198,0
DA:204,0
DA:205,0
DA:212,0
DA:213,0
DA:214,0
DA:216,0
DA:217,0
DA:225,0
DA:227,0
DA:228,0
DA:234,0
DA:235,0
DA:241,0
DA:251,0
LF:81
LH:4
BRDA:20,0,0,0
BRDA:20,0,1,0
BRDA:22,1,0,0
BRDA:23,2,0,0
BRDA:23,2,1,0
BRDA:33,3,0,0
BRDA:33,3,1,0
BRDA:43,4,0,0
BRDA:43,4,1,0
BRDA:58,5,0,0
BRDA:58,5,1,0
BRDA:72,6,0,0
BRDA:76,7,0,0
BRDA:80,8,0,0
BRDA:89,9,0,0
BRDA:93,10,0,0
BRDA:97,11,0,0
BRDA:106,12,0,0
BRDA:110,13,0,0
BRDA:125,14,0,0
BRDA:169,15,0,0
BRDA:169,15,1,0
BRDA:190,16,0,0
BRDA:197,17,0,0
BRDA:204,18,0,0
BRDA:213,19,0,0
BRDA:216,20,0,0
BRDA:227,21,0,0
BRDA:234,22,0,0
BRF:29
BRH:0
end_of_record
