TN:
SF:src\agents\BaseAgent.ts
FN:21,(anonymous_0)
FN:24,(anonymous_1)
FN:32,(anonymous_2)
FN:38,(anonymous_3)
FN:49,(anonymous_4)
FN:60,(anonymous_5)
FN:93,(anonymous_6)
FN:105,(anonymous_7)
FN:110,(anonymous_8)
FN:115,(anonymous_9)
FN:119,(anonymous_10)
FN:124,(anonymous_11)
FN:129,(anonymous_12)
FN:141,(anonymous_13)
FN:168,(anonymous_14)
FN:202,(anonymous_15)
FN:267,(anonymous_16)
FN:290,(anonymous_17)
FN:332,(anonymous_18)
FN:337,(anonymous_19)
FN:342,(anonymous_20)
FN:353,(anonymous_21)
FN:357,(anonymous_22)
FN:358,(anonymous_23)
FN:369,(anonymous_24)
FN:377,(anonymous_25)
FN:379,(anonymous_26)
FN:381,(anonymous_27)
FN:384,(anonymous_28)
FN:403,(anonymous_29)
FN:407,(anonymous_30)
FNF:31
FNH:0
FNDA:0,(anonymous_0)
FNDA:0,(anonymous_1)
FNDA:0,(anonymous_2)
FNDA:0,(anonymous_3)
FNDA:0,(anonymous_4)
FNDA:0,(anonymous_5)
FNDA:0,(anonymous_6)
FNDA:0,(anonymous_7)
FNDA:0,(anonymous_8)
FNDA:0,(anonymous_9)
FNDA:0,(anonymous_10)
FNDA:0,(anonymous_11)
FNDA:0,(anonymous_12)
FNDA:0,(anonymous_13)
FNDA:0,(anonymous_14)
FNDA:0,(anonymous_15)
FNDA:0,(anonymous_16)
FNDA:0,(anonymous_17)
FNDA:0,(anonymous_18)
FNDA:0,(anonymous_19)
FNDA:0,(anonymous_20)
FNDA:0,(anonymous_21)
FNDA:0,(anonymous_22)
FNDA:0,(anonymous_23)
FNDA:0,(anonymous_24)
FNDA:0,(anonymous_25)
FNDA:0,(anonymous_26)
FNDA:0,(anonymous_27)
FNDA:0,(anonymous_28)
FNDA:0,(anonymous_29)
FNDA:0,(anonymous_30)
DA:6,6
DA:7,6
DA:22,0
DA:25,0
DA:26,0
DA:28,0
DA:29,0
DA:33,0
DA:34,0
DA:35,0
DA:38,0
DA:39,0
DA:40,0
DA:42,0
DA:46,0
DA:50,0
DA:51,0
DA:52,0
DA:53,0
DA:54,0
DA:57,0
DA:61,0
DA:62,0
DA:64,0
DA:66,0
DA:79,6
DA:86,0
DA:90,0
DA:91,0
DA:94,0
DA:96,0
DA:97,0
DA:98,0
DA:99,0
DA:100,0
DA:101,0
DA:102,0
DA:106,0
DA:111,0
DA:112,0
DA:116,0
DA:120,0
DA:121,0
DA:125,0
DA:126,0
DA:130,0
DA:131,0
DA:133,0
DA:142,0
DA:143,0
DA:146,0
DA:148,0
DA:150,0
DA:158,0
DA:159,0
DA:170,0
DA:171,0
DA:180,0
DA:181,0
DA:189,0
DA:190,0
DA:191,0
DA:193,0
DA:194,0
DA:201,0
DA:202,0
DA:206,0
DA:208,0
DA:222,0
DA:224,0
DA:230,0
DA:233,0
DA:235,0
DA:248,0
DA:250,0
DA:256,0
DA:259,0
DA:261,0
DA:262,0
DA:268,0
DA:269,0
DA:271,0
DA:280,0
DA:291,0
DA:292,0
DA:295,0
DA:296,0
DA:300,0
DA:302,0
DA:307,0
DA:310,0
DA:334,0
DA:339,0
DA:343,0
DA:350,0
DA:357,0
DA:358,0
DA:359,0
DA:366,0
DA:369,0
DA:378,0
DA:379,0
DA:380,0
DA:381,0
DA:383,0
DA:384,0
DA:387,0
DA:404,0
DA:408,0
LF:109
LH:3
BRDA:25,0,0,0
BRDA:34,1,0,0
BRDA:34,2,0,0
BRDA:34,2,1,0
BRDA:51,3,0,0
BRDA:53,4,0,0
BRDA:61,5,0,0
BRDA:61,5,1,0
BRDA:100,6,0,0
BRDA:100,6,1,0
BRDA:101,7,0,0
BRDA:101,7,1,0
BRDA:102,8,0,0
BRDA:102,8,1,0
BRDA:163,9,0,0
BRDA:163,9,1,0
BRDA:170,10,0,0
BRDA:180,11,0,0
BRDA:240,12,0,0
BRDA:240,12,1,0
BRDA:261,13,0,0
BRDA:283,14,0,0
BRDA:283,14,1,0
BRDA:314,15,0,0
BRDA:314,15,1,0
BRDA:339,16,0,0
BRDA:339,16,1,0
BRDA:380,17,0,0
BRDA:380,17,1,0
BRDA:381,18,0,0
BRDA:381,18,1,0
BRDA:383,19,0,0
BRDA:383,19,1,0
BRDA:384,20,0,0
BRDA:384,20,1,0
BRDA:395,21,0,0
BRDA:395,21,1,0
BRF:37
BRH:0
end_of_record
TN:
SF:src\agents\CoordinatorAgent.ts
FN:90,(anonymous_0)
FN:108,(anonymous_1)
FN:115,(anonymous_2)
FN:159,(anonymous_3)
FN:179,(anonymous_4)
FN:198,(anonymous_5)
FN:202,(anonymous_6)
FN:209,(anonymous_7)
FN:218,(anonymous_8)
FN:226,(anonymous_9)
FN:311,(anonymous_10)
FN:348,(anonymous_11)
FN:391,(anonymous_12)
FN:434,(anonymous_13)
FN:482,(anonymous_14)
FN:522,(anonymous_15)
FN:532,(anonymous_16)
FN:533,(anonymous_17)
FN:536,(anonymous_18)
FN:540,(anonymous_19)
FN:552,(anonymous_20)
FN:565,(anonymous_21)
FN:575,(anonymous_22)
FN:580,(anonymous_23)
FN:588,(anonymous_24)
FN:590,(anonymous_25)
FN:593,(anonymous_26)
FN:601,(anonymous_27)
FN:610,(anonymous_28)
FN:619,(anonymous_29)
FN:631,(anonymous_30)
FN:635,(anonymous_31)
FN:639,(anonymous_32)
FNF:33
FNH:0
FNDA:0,(anonymous_0)
FNDA:0,(anonymous_1)
FNDA:0,(anonymous_2)
FNDA:0,(anonymous_3)
FNDA:0,(anonymous_4)
FNDA:0,(anonymous_5)
FNDA:0,(anonymous_6)
FNDA:0,(anonymous_7)
FNDA:0,(anonymous_8)
FNDA:0,(anonymous_9)
FNDA:0,(anonymous_10)
FNDA:0,(anonymous_11)
FNDA:0,(anonymous_12)
FNDA:0,(anonymous_13)
FNDA:0,(anonymous_14)
FNDA:0,(anonymous_15)
FNDA:0,(anonymous_16)
FNDA:0,(anonymous_17)
FNDA:0,(anonymous_18)
FNDA:0,(anonymous_19)
FNDA:0,(anonymous_20)
FNDA:0,(anonymous_21)
FNDA:0,(anonymous_22)
FNDA:0,(anonymous_23)
FNDA:0,(anonymous_24)
FNDA:0,(anonymous_25)
FNDA:0,(anonymous_26)
FNDA:0,(anonymous_27)
FNDA:0,(anonymous_28)
FNDA:0,(anonymous_29)
FNDA:0,(anonymous_30)
FNDA:0,(anonymous_31)
FNDA:0,(anonymous_32)
DA:6,1
DA:7,1
DA:80,1
DA:86,0
DA:87,0
DA:88,0
DA:91,0
DA:102,0
DA:103,0
DA:104,0
DA:105,0
DA:110,0
DA:112,0
DA:116,0
DA:117,0
DA:119,0
DA:121,0
DA:122,0
DA:125,0
DA:128,0
DA:130,0
DA:134,0
DA:151,0
DA:152,0
DA:155,0
DA:160,0
DA:162,0
DA:165,0
DA:168,0
DA:171,0
DA:181,0
DA:182,0
DA:186,0
DA:189,0
DA:191,0
DA:199,0
DA:202,0
DA:203,0
DA:206,0
DA:210,0
DA:211,0
DA:212,0
DA:213,0
DA:214,0
DA:219,0
DA:227,0
DA:228,0
DA:229,0
DA:230,0
DA:231,0
DA:233,0
DA:235,0
DA:236,0
DA:237,0
DA:240,0
DA:241,0
DA:242,0
DA:245,0
DA:246,0
DA:249,0
DA:251,0
DA:256,0
DA:257,0
DA:258,0
DA:259,0
DA:263,0
DA:268,0
DA:269,0
DA:272,0
DA:274,0
DA:292,0
DA:312,0
DA:313,0
DA:314,0
DA:317,0
DA:318,0
DA:319,0
DA:327,0
DA:329,0
DA:338,0
DA:349,0
DA:350,0
DA:351,0
DA:354,0
DA:355,0
DA:356,0
DA:370,0
DA:372,0
DA:381,0
DA:392,0
DA:393,0
DA:394,0
DA:397,0
DA:398,0
DA:399,0
DA:413,0
DA:415,0
DA:424,0
DA:439,0
DA:440,0
DA:441,0
DA:444,0
DA:445,0
DA:446,0
DA:461,0
DA:463,0
DA:472,0
DA:488,0
DA:489,0
DA:490,0
DA:493,0
DA:502,0
DA:510,0
DA:523,0
DA:533,0
DA:540,0
DA:541,0
DA:543,0
DA:553,0
DA:555,0
DA:556,0
DA:557,0
DA:559,0
DA:562,0
DA:566,0
DA:577,0
DA:581,0
DA:582,0
DA:583,0
DA:584,0
DA:590,0
DA:594,0
DA:602,0
DA:611,0
DA:620,0
DA:632,0
DA:636,0
DA:640,0
LF:138
LH:3
BRDA:102,0,0,0
BRDA:102,0,1,0
BRDA:103,1,0,0
BRDA:103,1,1,0
BRDA:104,2,0,0
BRDA:104,2,1,0
BRDA:105,3,0,0
BRDA:105,3,1,0
BRDA:160,4,0,0
BRDA:160,4,1,0
BRDA:160,4,2,0
BRDA:160,4,3,0
BRDA:211,5,0,0
BRDA:249,6,0,0
BRDA:249,7,0,0
BRDA:249,7,1,0
BRDA:313,8,0,0
BRDA:343,9,0,0
BRDA:343,9,1,0
BRDA:350,10,0,0
BRDA:386,11,0,0
BRDA:386,11,1,0
BRDA:393,12,0,0
BRDA:429,13,0,0
BRDA:429,13,1,0
BRDA:440,14,0,0
BRDA:477,15,0,0
BRDA:477,15,1,0
BRDA:556,16,0,0
BRDA:559,17,0,0
BRDA:559,17,1,0
BRDA:582,18,0,0
BRF:32
BRH:0
end_of_record
TN:
SF:src\agents\CreatorAgent.ts
FN:89,(anonymous_0)
FN:130,(anonymous_1)
FN:139,(anonymous_2)
FN:166,(anonymous_3)
FN:186,(anonymous_4)
FN:196,(anonymous_5)
FN:214,(anonymous_6)
FN:245,(anonymous_7)
FN:267,(anonymous_8)
FN:322,(anonymous_9)
FN:329,(anonymous_10)
FN:347,(anonymous_11)
FN:374,(anonymous_12)
FN:387,(anonymous_13)
FN:407,(anonymous_14)
FN:423,(anonymous_15)
FN:442,(anonymous_16)
FN:483,(anonymous_17)
FN:493,(anonymous_18)
FN:507,(anonymous_19)
FN:529,(anonymous_20)
FN:543,(anonymous_21)
FN:552,(anonymous_22)
FN:569,(anonymous_23)
FN:578,(anonymous_24)
FN:586,(anonymous_25)
FN:599,(anonymous_26)
FN:600,(anonymous_27)
FN:603,(anonymous_28)
FN:605,(anonymous_29)
FN:608,(anonymous_30)
FN:610,(anonymous_31)
FN:613,(anonymous_32)
FN:617,(anonymous_33)
FN:621,(anonymous_34)
FN:625,(anonymous_35)
FN:629,(anonymous_36)
FNF:37
FNH:0
FNDA:0,(anonymous_0)
FNDA:0,(anonymous_1)
FNDA:0,(anonymous_2)
FNDA:0,(anonymous_3)
FNDA:0,(anonymous_4)
FNDA:0,(anonymous_5)
FNDA:0,(anonymous_6)
FNDA:0,(anonymous_7)
FNDA:0,(anonymous_8)
FNDA:0,(anonymous_9)
FNDA:0,(anonymous_10)
FNDA:0,(anonymous_11)
FNDA:0,(anonymous_12)
FNDA:0,(anonymous_13)
FNDA:0,(anonymous_14)
FNDA:0,(anonymous_15)
FNDA:0,(anonymous_16)
FNDA:0,(anonymous_17)
FNDA:0,(anonymous_18)
FNDA:0,(anonymous_19)
FNDA:0,(anonymous_20)
FNDA:0,(anonymous_21)
FNDA:0,(anonymous_22)
FNDA:0,(anonymous_23)
FNDA:0,(anonymous_24)
FNDA:0,(anonymous_25)
FNDA:0,(anonymous_26)
FNDA:0,(anonymous_27)
FNDA:0,(anonymous_28)
FNDA:0,(anonymous_29)
FNDA:0,(anonymous_30)
FNDA:0,(anonymous_31)
FNDA:0,(anonymous_32)
FNDA:0,(anonymous_33)
FNDA:0,(anonymous_34)
FNDA:0,(anonymous_35)
FNDA:0,(anonymous_36)
DA:6,1
DA:7,1
DA:82,1
DA:87,0
DA:90,0
DA:100,0
DA:107,0
DA:114,0
DA:127,0
DA:132,0
DA:133,0
DA:135,0
DA:140,0
DA:141,0
DA:149,0
DA:152,0
DA:155,0
DA:158,0
DA:161,0
DA:163,0
DA:167,0
DA:169,0
DA:172,0
DA:175,0
DA:178,0
DA:188,0
DA:189,0
DA:200,0
DA:201,0
DA:202,0
DA:203,0
DA:206,0
DA:211,0
DA:214,0
DA:215,0
DA:218,0
DA:221,0
DA:231,0
DA:233,0
DA:246,0
DA:248,0
DA:249,0
DA:256,0
DA:264,0
DA:272,0
DA:273,0
DA:275,0
DA:278,0
DA:291,0
DA:292,0
DA:293,0
DA:300,0
DA:309,0
DA:322,0
DA:323,0
DA:326,0
DA:336,0
DA:337,0
DA:339,0
DA:340,0
DA:341,0
DA:344,0
DA:353,0
DA:362,0
DA:365,0
DA:366,0
DA:367,0
DA:368,0
DA:371,0
DA:375,0
DA:384,0
DA:392,0
DA:395,0
DA:396,0
DA:400,0
DA:401,0
DA:404,0
DA:412,0
DA:417,0
DA:429,0
DA:446,0
DA:449,0
DA:450,0
DA:457,0
DA:458,0
DA:465,0
DA:466,0
DA:473,0
DA:474,0
DA:480,0
DA:485,0
DA:486,0
DA:487,0
DA:490,0
DA:495,0
DA:496,0
DA:497,0
DA:499,0
DA:500,0
DA:501,0
DA:502,0
DA:504,0
DA:511,0
DA:514,0
DA:515,0
DA:519,0
DA:520,0
DA:521,0
DA:522,0
DA:523,0
DA:526,0
DA:531,0
DA:532,0
DA:533,0
DA:535,0
DA:536,0
DA:537,0
DA:538,0
DA:540,0
DA:544,0
DA:545,0
DA:546,0
DA:549,0
DA:553,0
DA:562,0
DA:570,0
DA:579,0
DA:587,0
DA:600,0
DA:605,0
DA:610,0
DA:614,0
DA:618,0
DA:622,0
DA:626,0
DA:630,0
LF:136
LH:3
BRDA:100,0,0,0
BRDA:100,0,1,0
BRDA:107,1,0,0
BRDA:107,1,1,0
BRDA:114,2,0,0
BRDA:114,2,1,0
BRDA:127,3,0,0
BRDA:127,3,1,0
BRDA:140,4,0,0
BRDA:167,5,0,0
BRDA:167,5,1,0
BRDA:167,5,2,0
BRDA:167,5,3,0
BRDA:200,6,0,0
BRDA:200,6,1,0
BRDA:201,7,0,0
BRDA:201,7,1,0
BRDA:202,8,0,0
BRDA:202,8,1,0
BRDA:203,9,0,0
BRDA:203,9,1,0
BRDA:206,10,0,0
BRDA:206,10,1,0
BRDA:226,11,0,0
BRDA:226,11,1,0
BRDA:227,12,0,0
BRDA:227,12,1,0
BRDA:362,13,0,0
BRDA:362,13,1,0
BRDA:366,14,0,0
BRDA:384,15,0,0
BRDA:384,15,1,0
BRDA:395,16,0,0
BRDA:400,17,0,0
BRDA:400,18,0,0
BRDA:400,18,1,0
BRDA:500,19,0,0
BRDA:501,20,0,0
BRDA:502,21,0,0
BRDA:514,22,0,0
BRDA:514,23,0,0
BRDA:514,23,1,0
BRDA:520,24,0,0
BRDA:520,24,1,0
BRDA:522,25,0,0
BRDA:522,26,0,0
BRDA:522,26,1,0
BRDA:536,27,0,0
BRDA:537,28,0,0
BRDA:538,29,0,0
BRDA:562,30,0,0
BRDA:562,30,1,0
BRF:52
BRH:0
end_of_record
TN:
SF:src\agents\PlannerAgent.ts
FN:106,(anonymous_0)
FN:138,(anonymous_1)
FN:147,(anonymous_2)
FN:171,(anonymous_3)
FN:191,(anonymous_4)
FN:201,(anonymous_5)
FN:241,(anonymous_6)
FN:254,(anonymous_7)
FN:265,(anonymous_8)
FN:310,(anonymous_9)
FN:322,(anonymous_10)
FN:325,(anonymous_11)
FN:343,(anonymous_12)
FN:352,(anonymous_13)
FN:378,(anonymous_14)
FN:382,(anonymous_15)
FN:399,(anonymous_16)
FN:426,(anonymous_17)
FN:436,(anonymous_18)
FN:445,(anonymous_19)
FN:459,(anonymous_20)
FN:461,(anonymous_21)
FN:464,(anonymous_22)
FN:466,(anonymous_23)
FN:469,(anonymous_24)
FN:474,(anonymous_25)
FN:478,(anonymous_26)
FN:482,(anonymous_27)
FNF:28
FNH:0
FNDA:0,(anonymous_0)
FNDA:0,(anonymous_1)
FNDA:0,(anonymous_2)
FNDA:0,(anonymous_3)
FNDA:0,(anonymous_4)
FNDA:0,(anonymous_5)
FNDA:0,(anonymous_6)
FNDA:0,(anonymous_7)
FNDA:0,(anonymous_8)
FNDA:0,(anonymous_9)
FNDA:0,(anonymous_10)
FNDA:0,(anonymous_11)
FNDA:0,(anonymous_12)
FNDA:0,(anonymous_13)
FNDA:0,(anonymous_14)
FNDA:0,(anonymous_15)
FNDA:0,(anonymous_16)
FNDA:0,(anonymous_17)
FNDA:0,(anonymous_18)
FNDA:0,(anonymous_19)
FNDA:0,(anonymous_20)
FNDA:0,(anonymous_21)
FNDA:0,(anonymous_22)
FNDA:0,(anonymous_23)
FNDA:0,(anonymous_24)
FNDA:0,(anonymous_25)
FNDA:0,(anonymous_26)
FNDA:0,(anonymous_27)
DA:6,1
DA:7,1
DA:100,1
DA:104,0
DA:107,0
DA:117,0
DA:124,0
DA:130,0
DA:140,0
DA:141,0
DA:143,0
DA:148,0
DA:149,0
DA:157,0
DA:160,0
DA:163,0
DA:166,0
DA:168,0
DA:172,0
DA:174,0
DA:177,0
DA:180,0
DA:183,0
DA:193,0
DA:194,0
DA:202,0
DA:203,0
DA:204,0
DA:205,0
DA:208,0
DA:211,0
DA:214,0
DA:217,0
DA:220,0
DA:223,0
DA:226,0
DA:228,0
DA:243,0
DA:250,0
DA:251,0
DA:256,0
DA:270,0
DA:271,0
DA:273,0
DA:284,0
DA:285,0
DA:299,0
DA:307,0
DA:311,0
DA:312,0
DA:314,0
DA:322,0
DA:329,0
DA:330,0
DA:332,0
DA:343,0
DA:356,0
DA:382,0
DA:383,0
DA:384,0
DA:385,0
DA:386,0
DA:388,0
DA:404,0
DA:407,0
DA:408,0
DA:419,0
DA:428,0
DA:438,0
DA:447,0
DA:461,0
DA:466,0
DA:471,0
DA:475,0
DA:479,0
DA:483,0
LF:76
LH:3
BRDA:117,0,0,0
BRDA:117,0,1,0
BRDA:124,1,0,0
BRDA:124,1,1,0
BRDA:130,2,0,0
BRDA:130,2,1,0
BRDA:148,3,0,0
BRDA:172,4,0,0
BRDA:172,4,1,0
BRDA:172,4,2,0
BRDA:172,4,3,0
BRDA:202,5,0,0
BRDA:202,5,1,0
BRDA:203,6,0,0
BRDA:203,6,1,0
BRDA:204,7,0,0
BRDA:204,7,1,0
BRDA:205,8,0,0
BRDA:205,8,1,0
BRDA:251,9,0,0
BRDA:251,9,1,0
BRDA:251,9,2,0
BRDA:277,10,0,0
BRDA:277,10,1,0
BRDA:286,11,0,0
BRDA:286,11,1,0
BRDA:287,12,0,0
BRDA:287,12,1,0
BRDA:289,13,0,0
BRDA:289,13,1,0
BRDA:294,14,0,0
BRDA:294,14,1,0
BRDA:302,15,0,0
BRDA:302,15,1,0
BRDA:329,16,0,0
BRDA:329,16,1,0
BRDA:407,17,0,0
BRDA:407,18,0,0
BRDA:407,18,1,0
BRF:39
BRH:0
end_of_record
TN:
SF:src\agents\PublisherAgent.ts
FN:96,(anonymous_0)
FN:123,(anonymous_1)
FN:132,(anonymous_2)
FN:173,(anonymous_3)
FN:193,(anonymous_4)
FN:203,(anonymous_5)
FN:229,(anonymous_6)
FN:259,(anonymous_7)
FN:275,(anonymous_8)
FN:309,(anonymous_9)
FN:324,(anonymous_10)
FN:327,(anonymous_11)
FN:343,(anonymous_12)
FN:368,(anonymous_13)
FN:378,(anonymous_14)
FN:379,(anonymous_15)
FN:391,(anonymous_16)
FN:393,(anonymous_17)
FN:394,(anonymous_18)
FN:397,(anonymous_19)
FN:418,(anonymous_20)
FN:433,(anonymous_21)
FN:461,(anonymous_22)
FN:470,(anonymous_23)
FN:478,(anonymous_24)
FN:491,(anonymous_25)
FN:493,(anonymous_26)
FN:496,(anonymous_27)
FN:498,(anonymous_28)
FN:501,(anonymous_29)
FN:505,(anonymous_30)
FN:509,(anonymous_31)
FN:513,(anonymous_32)
FNF:33
FNH:0
FNDA:0,(anonymous_0)
FNDA:0,(anonymous_1)
FNDA:0,(anonymous_2)
FNDA:0,(anonymous_3)
FNDA:0,(anonymous_4)
FNDA:0,(anonymous_5)
FNDA:0,(anonymous_6)
FNDA:0,(anonymous_7)
FNDA:0,(anonymous_8)
FNDA:0,(anonymous_9)
FNDA:0,(anonymous_10)
FNDA:0,(anonymous_11)
FNDA:0,(anonymous_12)
FNDA:0,(anonymous_13)
FNDA:0,(anonymous_14)
FNDA:0,(anonymous_15)
FNDA:0,(anonymous_16)
FNDA:0,(anonymous_17)
FNDA:0,(anonymous_18)
FNDA:0,(anonymous_19)
FNDA:0,(anonymous_20)
FNDA:0,(anonymous_21)
FNDA:0,(anonymous_22)
FNDA:0,(anonymous_23)
FNDA:0,(anonymous_24)
FNDA:0,(anonymous_25)
FNDA:0,(anonymous_26)
FNDA:0,(anonymous_27)
FNDA:0,(anonymous_28)
FNDA:0,(anonymous_29)
FNDA:0,(anonymous_30)
FNDA:0,(anonymous_31)
FNDA:0,(anonymous_32)
DA:6,1
DA:7,1
DA:90,1
DA:94,0
DA:97,0
DA:107,0
DA:114,0
DA:120,0
DA:125,0
DA:126,0
DA:128,0
DA:133,0
DA:134,0
DA:143,0
DA:144,0
DA:146,0
DA:147,0
DA:155,0
DA:156,0
DA:165,0
DA:168,0
DA:170,0
DA:174,0
DA:176,0
DA:179,0
DA:182,0
DA:185,0
DA:195,0
DA:196,0
DA:207,0
DA:208,0
DA:211,0
DA:213,0
DA:214,0
DA:215,0
DA:216,0
DA:218,0
DA:229,0
DA:230,0
DA:233,0
DA:239,0
DA:241,0
DA:264,0
DA:265,0
DA:268,0
DA:269,0
DA:272,0
DA:280,0
DA:282,0
DA:285,0
DA:288,0
DA:290,0
DA:299,0
DA:314,0
DA:323,0
DA:324,0
DA:328,0
DA:337,0
DA:338,0
DA:340,0
DA:348,0
DA:357,0
DA:359,0
DA:369,0
DA:379,0
DA:380,0
DA:382,0
DA:383,0
DA:384,0
DA:385,0
DA:387,0
DA:392,0
DA:393,0
DA:394,0
DA:401,0
DA:403,0
DA:404,0
DA:405,0
DA:415,0
DA:422,0
DA:425,0
DA:433,0
DA:434,0
DA:435,0
DA:445,0
DA:446,0
DA:454,0
DA:462,0
DA:471,0
DA:479,0
DA:493,0
DA:498,0
DA:502,0
DA:506,0
DA:510,0
DA:514,0
LF:96
LH:3
BRDA:107,0,0,0
BRDA:107,0,1,0
BRDA:114,1,0,0
BRDA:114,1,1,0
BRDA:120,2,0,0
BRDA:120,2,1,0
BRDA:133,3,0,0
BRDA:146,4,0,0
BRDA:155,5,0,0
BRDA:155,6,0,0
BRDA:155,6,1,0
BRDA:174,7,0,0
BRDA:174,7,1,0
BRDA:174,7,2,0
BRDA:174,7,3,0
BRDA:207,8,0,0
BRDA:207,8,1,0
BRDA:214,9,0,0
BRDA:214,9,1,0
BRDA:264,10,0,0
BRDA:268,11,0,0
BRDA:304,12,0,0
BRDA:304,12,1,0
BRDA:323,13,0,0
BRDA:323,13,1,0
BRDA:337,14,0,0
BRDA:337,14,1,0
BRDA:357,15,0,0
BRDA:357,15,1,0
BRDA:360,16,0,0
BRDA:360,16,1,0
BRDA:361,17,0,0
BRDA:361,17,1,0
BRDA:362,18,0,0
BRDA:362,18,1,0
BRDA:363,19,0,0
BRDA:363,19,1,0
BRDA:382,20,0,0
BRDA:382,20,1,0
BRDA:384,21,0,0
BRDA:384,21,1,0
BRDA:404,22,0,0
BRDA:445,23,0,0
BRF:43
BRH:0
end_of_record
TN:
SF:src\agents\ReviewerAgent.ts
FN:134,(anonymous_0)
FN:163,(anonymous_1)
FN:172,(anonymous_2)
FN:201,(anonymous_3)
FN:221,(anonymous_4)
FN:231,(anonymous_5)
FN:281,(anonymous_6)
FN:289,(anonymous_7)
FN:303,(anonymous_8)
FN:348,(anonymous_9)
FN:364,(anonymous_10)
FN:379,(anonymous_11)
FN:397,(anonymous_12)
FN:412,(anonymous_13)
FN:433,(anonymous_14)
FN:449,(anonymous_15)
FN:461,(anonymous_16)
FN:476,(anonymous_17)
FN:487,(anonymous_18)
FN:496,(anonymous_19)
FN:497,(anonymous_20)
FN:498,(anonymous_21)
FN:503,(anonymous_22)
FN:534,(anonymous_23)
FN:540,(anonymous_24)
FN:541,(anonymous_25)
FN:566,(anonymous_26)
FN:572,(anonymous_27)
FN:573,(anonymous_28)
FN:587,(anonymous_29)
FN:602,(anonymous_30)
FN:617,(anonymous_31)
FN:626,(anonymous_32)
FN:634,(anonymous_33)
FN:647,(anonymous_34)
FN:649,(anonymous_35)
FN:652,(anonymous_36)
FN:654,(anonymous_37)
FN:657,(anonymous_38)
FN:661,(anonymous_39)
FN:665,(anonymous_40)
FN:669,(anonymous_41)
FN:673,(anonymous_42)
FNF:43
FNH:0
FNDA:0,(anonymous_0)
FNDA:0,(anonymous_1)
FNDA:0,(anonymous_2)
FNDA:0,(anonymous_3)
FNDA:0,(anonymous_4)
FNDA:0,(anonymous_5)
FNDA:0,(anonymous_6)
FNDA:0,(anonymous_7)
FNDA:0,(anonymous_8)
FNDA:0,(anonymous_9)
FNDA:0,(anonymous_10)
FNDA:0,(anonymous_11)
FNDA:0,(anonymous_12)
FNDA:0,(anonymous_13)
FNDA:0,(anonymous_14)
FNDA:0,(anonymous_15)
FNDA:0,(anonymous_16)
FNDA:0,(anonymous_17)
FNDA:0,(anonymous_18)
FNDA:0,(anonymous_19)
FNDA:0,(anonymous_20)
FNDA:0,(anonymous_21)
FNDA:0,(anonymous_22)
FNDA:0,(anonymous_23)
FNDA:0,(anonymous_24)
FNDA:0,(anonymous_25)
FNDA:0,(anonymous_26)
FNDA:0,(anonymous_27)
FNDA:0,(anonymous_28)
FNDA:0,(anonymous_29)
FNDA:0,(anonymous_30)
FNDA:0,(anonymous_31)
FNDA:0,(anonymous_32)
FNDA:0,(anonymous_33)
FNDA:0,(anonymous_34)
FNDA:0,(anonymous_35)
FNDA:0,(anonymous_36)
FNDA:0,(anonymous_37)
FNDA:0,(anonymous_38)
FNDA:0,(anonymous_39)
FNDA:0,(anonymous_40)
FNDA:0,(anonymous_41)
FNDA:0,(anonymous_42)
DA:6,1
DA:7,1
DA:127,1
DA:132,0
DA:135,0
DA:145,0
DA:154,0
DA:155,0
DA:160,0
DA:165,0
DA:166,0
DA:168,0
DA:173,0
DA:174,0
DA:183,0
DA:184,0
DA:185,0
DA:193,0
DA:196,0
DA:198,0
DA:202,0
DA:204,0
DA:207,0
DA:210,0
DA:213,0
DA:223,0
DA:224,0
DA:235,0
DA:238,0
DA:241,0
DA:244,0
DA:247,0
DA:250,0
DA:257,0
DA:259,0
DA:261,0
DA:285,0
DA:287,0
DA:288,0
DA:289,0
DA:291,0
DA:300,0
DA:308,0
DA:310,0
DA:313,0
DA:316,0
DA:319,0
DA:322,0
DA:325,0
DA:328,0
DA:331,0
DA:334,0
DA:337,0
DA:340,0
DA:350,0
DA:351,0
DA:353,0
DA:354,0
DA:355,0
DA:357,0
DA:365,0
DA:366,0
DA:368,0
DA:369,0
DA:370,0
DA:372,0
DA:383,0
DA:384,0
DA:386,0
DA:387,0
DA:388,0
DA:390,0
DA:398,0
DA:399,0
DA:401,0
DA:402,0
DA:403,0
DA:405,0
DA:413,0
DA:414,0
DA:415,0
DA:417,0
DA:418,0
DA:419,0
DA:420,0
DA:422,0
DA:435,0
DA:436,0
DA:438,0
DA:439,0
DA:440,0
DA:442,0
DA:451,0
DA:452,0
DA:454,0
DA:463,0
DA:464,0
DA:466,0
DA:478,0
DA:480,0
DA:489,0
DA:497,0
DA:498,0
DA:500,0
DA:507,0
DA:509,0
DA:510,0
DA:511,0
DA:519,0
DA:520,0
DA:531,0
DA:538,0
DA:540,0
DA:541,0
DA:543,0
DA:544,0
DA:553,0
DA:554,0
DA:563,0
DA:571,0
DA:572,0
DA:573,0
DA:575,0
DA:576,0
DA:578,0
DA:591,0
DA:592,0
DA:595,0
DA:596,0
DA:599,0
DA:603,0
DA:618,0
DA:627,0
DA:635,0
DA:649,0
DA:654,0
DA:658,0
DA:662,0
DA:666,0
DA:670,0
DA:674,0
LF:141
LH:3
BRDA:145,0,0,0
BRDA:145,0,1,0
BRDA:154,1,0,0
BRDA:154,1,1,0
BRDA:155,2,0,0
BRDA:155,2,1,0
BRDA:160,3,0,0
BRDA:160,3,1,0
BRDA:173,4,0,0
BRDA:184,5,0,0
BRDA:202,6,0,0
BRDA:202,6,1,0
BRDA:202,6,2,0
BRDA:202,6,3,0
BRDA:276,7,0,0
BRDA:276,7,1,0
BRDA:294,8,0,0
BRDA:294,8,1,0
BRDA:308,9,0,0
BRDA:308,9,1,0
BRDA:308,9,2,0
BRDA:308,9,3,0
BRDA:308,9,4,0
BRDA:308,9,5,0
BRDA:308,9,6,0
BRDA:308,9,7,0
BRDA:308,9,8,0
BRDA:308,9,9,0
BRDA:308,9,10,0
BRDA:354,10,0,0
BRDA:354,10,1,0
BRDA:354,11,0,0
BRDA:354,11,1,0
BRDA:355,12,0,0
BRDA:359,13,0,0
BRDA:359,13,1,0
BRDA:360,14,0,0
BRDA:360,14,1,0
BRDA:369,15,0,0
BRDA:370,16,0,0
BRDA:374,17,0,0
BRDA:374,17,1,0
BRDA:375,18,0,0
BRDA:375,18,1,0
BRDA:383,19,0,0
BRDA:383,19,1,0
BRDA:387,20,0,0
BRDA:387,21,0,0
BRDA:387,21,1,0
BRDA:388,22,0,0
BRDA:392,23,0,0
BRDA:392,23,1,0
BRDA:402,24,0,0
BRDA:403,25,0,0
BRDA:407,26,0,0
BRDA:407,26,1,0
BRDA:408,27,0,0
BRDA:408,27,1,0
BRDA:418,28,0,0
BRDA:419,29,0,0
BRDA:420,30,0,0
BRDA:426,31,0,0
BRDA:426,31,1,0
BRDA:427,32,0,0
BRDA:427,32,1,0
BRDA:428,33,0,0
BRDA:428,33,1,0
BRDA:439,34,0,0
BRDA:440,35,0,0
BRDA:444,36,0,0
BRDA:444,36,1,0
BRDA:445,37,0,0
BRDA:445,37,1,0
BRDA:455,38,0,0
BRDA:455,38,1,0
BRDA:470,39,0,0
BRDA:470,39,1,0
BRDA:471,40,0,0
BRDA:471,40,1,0
BRDA:481,41,0,0
BRDA:481,41,1,0
BRDA:482,42,0,0
BRDA:482,42,1,0
BRDA:483,43,0,0
BRDA:483,43,1,0
BRDA:500,44,0,0
BRDA:500,44,1,0
BRDA:510,45,0,0
BRDA:510,45,1,0
BRDA:513,46,0,0
BRDA:513,46,1,0
BRDA:519,47,0,0
BRDA:543,48,0,0
BRDA:553,49,0,0
BRDA:571,50,0,0
BRDA:571,50,1,0
BRDA:573,51,0,0
BRDA:573,51,1,0
BRDA:575,52,0,0
BRDA:575,52,1,0
BRDA:576,53,0,0
BRDA:576,53,1,0
BRDA:580,54,0,0
BRDA:580,54,1,0
BRDA:581,55,0,0
BRDA:581,55,1,0
BRDA:591,56,0,0
BRDA:595,57,0,0
BRDA:596,58,0,0
BRDA:596,58,1,0
BRDA:599,59,0,0
BRDA:599,59,1,0
BRF:112
BRH:0
end_of_record
